2020-10-08 01:19:23.993  INFO 11120 --- [restartedMain] com.aop.AoPdemoApplication               : Starting AoPdemoApplication on DESKTOP-TKUNCFR with PID 11120 (D:\spring proj\AOPdemo\target\classes started by shanmukh in D:\spring proj\AOPdemo)
2020-10-08 01:19:23.994  INFO 11120 --- [restartedMain] com.aop.AoPdemoApplication               : No active profile set, falling back to default profiles: default
2020-10-08 01:19:24.241  INFO 11120 --- [restartedMain] o.s.b.w.embedded.tomcat.TomcatWebServer  : Tomcat initialized with port(s): 9000 (http)
2020-10-08 01:19:24.242  INFO 11120 --- [restartedMain] o.apache.catalina.core.StandardService   : Starting service [Tomcat]
2020-10-08 01:19:24.243  INFO 11120 --- [restartedMain] org.apache.catalina.core.StandardEngine  : Starting Servlet engine: [Apache Tomcat/9.0.38]
2020-10-08 01:19:24.302  INFO 11120 --- [restartedMain] o.a.c.c.C.[Tomcat-1].[localhost].[/]     : Initializing Spring embedded WebApplicationContext
2020-10-08 01:19:24.302  INFO 11120 --- [restartedMain] w.s.c.ServletWebServerApplicationContext : Root WebApplicationContext: initialization completed in 304 ms
2020-10-08 01:19:24.355  INFO 11120 --- [restartedMain] o.s.s.concurrent.ThreadPoolTaskExecutor  : Initializing ExecutorService 'applicationTaskExecutor'
2020-10-08 01:19:24.413  INFO 11120 --- [restartedMain] o.s.b.d.a.OptionalLiveReloadServer       : LiveReload server is running on port 35729
2020-10-08 01:19:24.425  INFO 11120 --- [restartedMain] o.s.b.w.embedded.tomcat.TomcatWebServer  : Tomcat started on port(s): 9000 (http) with context path ''
2020-10-08 01:19:24.430  INFO 11120 --- [restartedMain] com.aop.AoPdemoApplication               : Started AoPdemoApplication in 0.596 seconds (JVM running for 1502.807)
2020-10-08 01:19:24.432  INFO 11120 --- [restartedMain] .ConditionEvaluationDeltaLoggingListener : Condition evaluation unchanged
2020-10-08 01:25:43.216  INFO 11120 --- [Thread-29] o.s.s.concurrent.ThreadPoolTaskExecutor  : Shutting down ExecutorService 'applicationTaskExecutor'
2020-10-08 01:25:43.477  INFO 11120 --- [restartedMain] com.aop.AoPdemoApplication               : Starting AoPdemoApplication on DESKTOP-TKUNCFR with PID 11120 (D:\spring proj\AOPdemo\target\classes started by shanmukh in D:\spring proj\AOPdemo)
2020-10-08 01:25:43.478  INFO 11120 --- [restartedMain] com.aop.AoPdemoApplication               : No active profile set, falling back to default profiles: default
2020-10-08 01:25:43.795  INFO 11120 --- [restartedMain] o.s.b.w.embedded.tomcat.TomcatWebServer  : Tomcat initialized with port(s): 9000 (http)
2020-10-08 01:25:43.796  INFO 11120 --- [restartedMain] o.apache.catalina.core.StandardService   : Starting service [Tomcat]
2020-10-08 01:25:43.796  INFO 11120 --- [restartedMain] org.apache.catalina.core.StandardEngine  : Starting Servlet engine: [Apache Tomcat/9.0.38]
2020-10-08 01:25:43.810  INFO 11120 --- [restartedMain] o.a.c.c.C.[Tomcat-1].[localhost].[/]     : Initializing Spring embedded WebApplicationContext
2020-10-08 01:25:43.810  INFO 11120 --- [restartedMain] w.s.c.ServletWebServerApplicationContext : Root WebApplicationContext: initialization completed in 329 ms
2020-10-08 01:25:43.908  INFO 11120 --- [restartedMain] o.s.s.concurrent.ThreadPoolTaskExecutor  : Initializing ExecutorService 'applicationTaskExecutor'
2020-10-08 01:25:43.952  INFO 11120 --- [restartedMain] o.s.b.d.a.OptionalLiveReloadServer       : LiveReload server is running on port 35729
2020-10-08 01:25:43.964  INFO 11120 --- [restartedMain] o.s.b.w.embedded.tomcat.TomcatWebServer  : Tomcat started on port(s): 9000 (http) with context path ''
2020-10-08 01:25:43.968  INFO 11120 --- [restartedMain] com.aop.AoPdemoApplication               : Started AoPdemoApplication in 0.561 seconds (JVM running for 1882.346)
2020-10-08 01:25:43.970  INFO 11120 --- [restartedMain] .ConditionEvaluationDeltaLoggingListener : Condition evaluation unchanged
2020-10-08 01:25:50.237  INFO 11120 --- [http-nio-9000-exec-1] o.a.c.c.C.[Tomcat-1].[localhost].[/]     : Initializing Spring DispatcherServlet 'dispatcherServlet'
2020-10-08 01:25:50.239  INFO 11120 --- [http-nio-9000-exec-1] o.s.web.servlet.DispatcherServlet        : Initializing Servlet 'dispatcherServlet'
2020-10-08 01:25:50.244  INFO 11120 --- [http-nio-9000-exec-1] o.s.web.servlet.DispatcherServlet        : Completed initialization in 5 ms
2020-10-08 01:25:50.246  INFO 11120 --- [http-nio-9000-exec-1] com.aop.config.Democonfig                : get details metod called from aspect 
2020-10-08 01:25:50.252  INFO 11120 --- [http-nio-9000-exec-1] com.aop.config.Democonfig                : get details metod called after from aspect 
2020-10-08 01:27:08.598  INFO 11120 --- [Thread-34] o.s.s.concurrent.ThreadPoolTaskExecutor  : Shutting down ExecutorService 'applicationTaskExecutor'
2020-10-08 01:27:08.787  INFO 11120 --- [restartedMain] com.aop.AoPdemoApplication               : Starting AoPdemoApplication on DESKTOP-TKUNCFR with PID 11120 (D:\spring proj\AOPdemo\target\classes started by shanmukh in D:\spring proj\AOPdemo)
2020-10-08 01:27:08.787  INFO 11120 --- [restartedMain] com.aop.AoPdemoApplication               : No active profile set, falling back to default profiles: default
2020-10-08 01:27:09.037  INFO 11120 --- [restartedMain] o.s.b.w.embedded.tomcat.TomcatWebServer  : Tomcat initialized with port(s): 9000 (http)
2020-10-08 01:27:09.038  INFO 11120 --- [restartedMain] o.apache.catalina.core.StandardService   : Starting service [Tomcat]
2020-10-08 01:27:09.039  INFO 11120 --- [restartedMain] org.apache.catalina.core.StandardEngine  : Starting Servlet engine: [Apache Tomcat/9.0.38]
2020-10-08 01:27:09.055  INFO 11120 --- [restartedMain] o.a.c.c.C.[Tomcat-1].[localhost].[/]     : Initializing Spring embedded WebApplicationContext
2020-10-08 01:27:09.056  INFO 11120 --- [restartedMain] w.s.c.ServletWebServerApplicationContext : Root WebApplicationContext: initialization completed in 266 ms
2020-10-08 01:27:09.124  INFO 11120 --- [restartedMain] o.s.s.concurrent.ThreadPoolTaskExecutor  : Initializing ExecutorService 'applicationTaskExecutor'
2020-10-08 01:27:09.176  INFO 11120 --- [restartedMain] o.s.b.d.a.OptionalLiveReloadServer       : LiveReload server is running on port 35729
2020-10-08 01:27:09.192  INFO 11120 --- [restartedMain] o.s.b.w.embedded.tomcat.TomcatWebServer  : Tomcat started on port(s): 9000 (http) with context path ''
2020-10-08 01:27:09.200  INFO 11120 --- [restartedMain] com.aop.AoPdemoApplication               : Started AoPdemoApplication in 0.444 seconds (JVM running for 1967.578)
2020-10-08 01:27:09.202  INFO 11120 --- [restartedMain] .ConditionEvaluationDeltaLoggingListener : Condition evaluation unchanged
2020-10-08 01:27:36.156  INFO 11120 --- [Thread-39] o.s.s.concurrent.ThreadPoolTaskExecutor  : Shutting down ExecutorService 'applicationTaskExecutor'
2020-10-08 01:27:36.323  INFO 11120 --- [restartedMain] com.aop.AoPdemoApplication               : Starting AoPdemoApplication on DESKTOP-TKUNCFR with PID 11120 (D:\spring proj\AOPdemo\target\classes started by shanmukh in D:\spring proj\AOPdemo)
2020-10-08 01:27:36.323  INFO 11120 --- [restartedMain] com.aop.AoPdemoApplication               : No active profile set, falling back to default profiles: default
2020-10-08 01:27:36.554  INFO 11120 --- [restartedMain] o.s.b.w.embedded.tomcat.TomcatWebServer  : Tomcat initialized with port(s): 9000 (http)
2020-10-08 01:27:36.555  INFO 11120 --- [restartedMain] o.apache.catalina.core.StandardService   : Starting service [Tomcat]
2020-10-08 01:27:36.556  INFO 11120 --- [restartedMain] org.apache.catalina.core.StandardEngine  : Starting Servlet engine: [Apache Tomcat/9.0.38]
2020-10-08 01:27:36.571  INFO 11120 --- [restartedMain] o.a.c.c.C.[Tomcat-1].[localhost].[/]     : Initializing Spring embedded WebApplicationContext
2020-10-08 01:27:36.571  INFO 11120 --- [restartedMain] w.s.c.ServletWebServerApplicationContext : Root WebApplicationContext: initialization completed in 246 ms
2020-10-08 01:27:36.635  INFO 11120 --- [restartedMain] o.s.s.concurrent.ThreadPoolTaskExecutor  : Initializing ExecutorService 'applicationTaskExecutor'
2020-10-08 01:27:36.689  INFO 11120 --- [restartedMain] o.s.b.d.a.OptionalLiveReloadServer       : LiveReload server is running on port 35729
2020-10-08 01:27:36.701  INFO 11120 --- [restartedMain] o.s.b.w.embedded.tomcat.TomcatWebServer  : Tomcat started on port(s): 9000 (http) with context path ''
2020-10-08 01:27:36.706  INFO 11120 --- [restartedMain] com.aop.AoPdemoApplication               : Started AoPdemoApplication in 0.412 seconds (JVM running for 1995.083)
2020-10-08 01:27:36.707  INFO 11120 --- [restartedMain] .ConditionEvaluationDeltaLoggingListener : Condition evaluation unchanged
2020-10-08 01:27:55.632  INFO 11120 --- [Thread-44] o.s.s.concurrent.ThreadPoolTaskExecutor  : Shutting down ExecutorService 'applicationTaskExecutor'
2020-10-08 01:27:55.739  INFO 11120 --- [restartedMain] com.aop.AoPdemoApplication               : Starting AoPdemoApplication on DESKTOP-TKUNCFR with PID 11120 (D:\spring proj\AOPdemo\target\classes started by shanmukh in D:\spring proj\AOPdemo)
2020-10-08 01:27:55.740  INFO 11120 --- [restartedMain] com.aop.AoPdemoApplication               : No active profile set, falling back to default profiles: default
2020-10-08 01:27:55.983  INFO 11120 --- [restartedMain] o.s.b.w.embedded.tomcat.TomcatWebServer  : Tomcat initialized with port(s): 9000 (http)
2020-10-08 01:27:55.984  INFO 11120 --- [restartedMain] o.apache.catalina.core.StandardService   : Starting service [Tomcat]
2020-10-08 01:27:55.984  INFO 11120 --- [restartedMain] org.apache.catalina.core.StandardEngine  : Starting Servlet engine: [Apache Tomcat/9.0.38]
2020-10-08 01:27:56.000  INFO 11120 --- [restartedMain] o.a.c.c.C.[Tomcat-1].[localhost].[/]     : Initializing Spring embedded WebApplicationContext
2020-10-08 01:27:56.001  INFO 11120 --- [restartedMain] w.s.c.ServletWebServerApplicationContext : Root WebApplicationContext: initialization completed in 257 ms
2020-10-08 01:27:56.067  INFO 11120 --- [restartedMain] o.s.s.concurrent.ThreadPoolTaskExecutor  : Initializing ExecutorService 'applicationTaskExecutor'
2020-10-08 01:27:56.129  INFO 11120 --- [restartedMain] o.s.b.d.a.OptionalLiveReloadServer       : LiveReload server is running on port 35729
2020-10-08 01:27:56.141  INFO 11120 --- [restartedMain] o.s.b.w.embedded.tomcat.TomcatWebServer  : Tomcat started on port(s): 9000 (http) with context path ''
2020-10-08 01:27:56.146  INFO 11120 --- [restartedMain] com.aop.AoPdemoApplication               : Started AoPdemoApplication in 0.443 seconds (JVM running for 2014.524)
2020-10-08 01:27:56.148  INFO 11120 --- [restartedMain] .ConditionEvaluationDeltaLoggingListener : Condition evaluation unchanged
2020-10-08 01:28:55.244  INFO 11120 --- [Thread-49] o.s.s.concurrent.ThreadPoolTaskExecutor  : Shutting down ExecutorService 'applicationTaskExecutor'
2020-10-08 01:28:55.409  INFO 11120 --- [restartedMain] com.aop.AoPdemoApplication               : Starting AoPdemoApplication on DESKTOP-TKUNCFR with PID 11120 (D:\spring proj\AOPdemo\target\classes started by shanmukh in D:\spring proj\AOPdemo)
2020-10-08 01:28:55.410  INFO 11120 --- [restartedMain] com.aop.AoPdemoApplication               : No active profile set, falling back to default profiles: default
2020-10-08 01:28:55.649  INFO 11120 --- [restartedMain] o.s.b.w.embedded.tomcat.TomcatWebServer  : Tomcat initialized with port(s): 9000 (http)
2020-10-08 01:28:55.650  INFO 11120 --- [restartedMain] o.apache.catalina.core.StandardService   : Starting service [Tomcat]
2020-10-08 01:28:55.651  INFO 11120 --- [restartedMain] org.apache.catalina.core.StandardEngine  : Starting Servlet engine: [Apache Tomcat/9.0.38]
2020-10-08 01:28:55.667  INFO 11120 --- [restartedMain] o.a.c.c.C.[Tomcat-1].[localhost].[/]     : Initializing Spring embedded WebApplicationContext
2020-10-08 01:28:55.667  INFO 11120 --- [restartedMain] w.s.c.ServletWebServerApplicationContext : Root WebApplicationContext: initialization completed in 253 ms
2020-10-08 01:28:55.740  INFO 11120 --- [restartedMain] o.s.s.concurrent.ThreadPoolTaskExecutor  : Initializing ExecutorService 'applicationTaskExecutor'
2020-10-08 01:28:55.793  INFO 11120 --- [restartedMain] o.s.b.d.a.OptionalLiveReloadServer       : LiveReload server is running on port 35729
2020-10-08 01:28:55.807  INFO 11120 --- [restartedMain] o.s.b.w.embedded.tomcat.TomcatWebServer  : Tomcat started on port(s): 9000 (http) with context path ''
2020-10-08 01:28:55.811  INFO 11120 --- [restartedMain] com.aop.AoPdemoApplication               : Started AoPdemoApplication in 0.434 seconds (JVM running for 2074.189)
2020-10-08 01:28:55.814  INFO 11120 --- [restartedMain] .ConditionEvaluationDeltaLoggingListener : Condition evaluation unchanged
2020-10-08 01:28:59.649  INFO 11120 --- [Thread-54] o.s.s.concurrent.ThreadPoolTaskExecutor  : Shutting down ExecutorService 'applicationTaskExecutor'
2020-10-08 01:28:59.794  INFO 11120 --- [restartedMain] com.aop.AoPdemoApplication               : Starting AoPdemoApplication on DESKTOP-TKUNCFR with PID 11120 (D:\spring proj\AOPdemo\target\classes started by shanmukh in D:\spring proj\AOPdemo)
2020-10-08 01:28:59.795  INFO 11120 --- [restartedMain] com.aop.AoPdemoApplication               : No active profile set, falling back to default profiles: default
2020-10-08 01:29:00.122  INFO 11120 --- [restartedMain] o.s.b.w.embedded.tomcat.TomcatWebServer  : Tomcat initialized with port(s): 9000 (http)
2020-10-08 01:29:00.123  INFO 11120 --- [restartedMain] o.apache.catalina.core.StandardService   : Starting service [Tomcat]
2020-10-08 01:29:00.124  INFO 11120 --- [restartedMain] org.apache.catalina.core.StandardEngine  : Starting Servlet engine: [Apache Tomcat/9.0.38]
2020-10-08 01:29:00.139  INFO 11120 --- [restartedMain] o.a.c.c.C.[Tomcat-1].[localhost].[/]     : Initializing Spring embedded WebApplicationContext
2020-10-08 01:29:00.140  INFO 11120 --- [restartedMain] w.s.c.ServletWebServerApplicationContext : Root WebApplicationContext: initialization completed in 341 ms
2020-10-08 01:29:00.204  INFO 11120 --- [restartedMain] o.s.s.concurrent.ThreadPoolTaskExecutor  : Initializing ExecutorService 'applicationTaskExecutor'
2020-10-08 01:29:00.251  INFO 11120 --- [restartedMain] o.s.b.d.a.OptionalLiveReloadServer       : LiveReload server is running on port 35729
2020-10-08 01:29:00.265  INFO 11120 --- [restartedMain] o.s.b.w.embedded.tomcat.TomcatWebServer  : Tomcat started on port(s): 9000 (http) with context path ''
2020-10-08 01:29:00.271  INFO 11120 --- [restartedMain] com.aop.AoPdemoApplication               : Started AoPdemoApplication in 0.503 seconds (JVM running for 2078.648)
2020-10-08 01:29:00.272  INFO 11120 --- [restartedMain] .ConditionEvaluationDeltaLoggingListener : Condition evaluation unchanged
2020-10-08 01:29:11.138  INFO 11120 --- [Thread-59] o.s.s.concurrent.ThreadPoolTaskExecutor  : Shutting down ExecutorService 'applicationTaskExecutor'
2020-10-08 01:29:11.279  INFO 11120 --- [restartedMain] com.aop.AoPdemoApplication               : Starting AoPdemoApplication on DESKTOP-TKUNCFR with PID 11120 (D:\spring proj\AOPdemo\target\classes started by shanmukh in D:\spring proj\AOPdemo)
2020-10-08 01:29:11.280  INFO 11120 --- [restartedMain] com.aop.AoPdemoApplication               : No active profile set, falling back to default profiles: default
2020-10-08 01:29:11.508  INFO 11120 --- [restartedMain] o.s.b.w.embedded.tomcat.TomcatWebServer  : Tomcat initialized with port(s): 9000 (http)
2020-10-08 01:29:11.509  INFO 11120 --- [restartedMain] o.apache.catalina.core.StandardService   : Starting service [Tomcat]
2020-10-08 01:29:11.510  INFO 11120 --- [restartedMain] org.apache.catalina.core.StandardEngine  : Starting Servlet engine: [Apache Tomcat/9.0.38]
2020-10-08 01:29:11.523  INFO 11120 --- [restartedMain] o.a.c.c.C.[Tomcat-1].[localhost].[/]     : Initializing Spring embedded WebApplicationContext
2020-10-08 01:29:11.524  INFO 11120 --- [restartedMain] w.s.c.ServletWebServerApplicationContext : Root WebApplicationContext: initialization completed in 242 ms
2020-10-08 01:29:11.590  INFO 11120 --- [restartedMain] o.s.s.concurrent.ThreadPoolTaskExecutor  : Initializing ExecutorService 'applicationTaskExecutor'
2020-10-08 01:29:11.643  INFO 11120 --- [restartedMain] o.s.b.d.a.OptionalLiveReloadServer       : LiveReload server is running on port 35729
2020-10-08 01:29:11.656  INFO 11120 --- [restartedMain] o.s.b.w.embedded.tomcat.TomcatWebServer  : Tomcat started on port(s): 9000 (http) with context path ''
2020-10-08 01:29:11.660  INFO 11120 --- [restartedMain] com.aop.AoPdemoApplication               : Started AoPdemoApplication in 0.409 seconds (JVM running for 2090.038)
2020-10-08 01:29:11.662  INFO 11120 --- [restartedMain] .ConditionEvaluationDeltaLoggingListener : Condition evaluation unchanged
2020-10-08 01:29:20.624  INFO 11120 --- [http-nio-9000-exec-1] o.a.c.c.C.[Tomcat-1].[localhost].[/]     : Initializing Spring DispatcherServlet 'dispatcherServlet'
2020-10-08 01:29:20.626  INFO 11120 --- [http-nio-9000-exec-1] o.s.web.servlet.DispatcherServlet        : Initializing Servlet 'dispatcherServlet'
2020-10-08 01:29:20.631  INFO 11120 --- [http-nio-9000-exec-1] o.s.web.servlet.DispatcherServlet        : Completed initialization in 4 ms
2020-10-08 01:29:20.632  INFO 11120 --- [http-nio-9000-exec-1] com.aop.config.Democonfig                : get details metod called from aspect 
2020-10-08 01:29:20.637  INFO 11120 --- [http-nio-9000-exec-1] com.aop.config.Democonfig                : get details metod called after from aspect 
2020-10-08 01:29:46.681  INFO 11120 --- [Thread-64] o.s.s.concurrent.ThreadPoolTaskExecutor  : Shutting down ExecutorService 'applicationTaskExecutor'
2020-10-08 01:29:46.840  INFO 11120 --- [restartedMain] com.aop.AoPdemoApplication               : Starting AoPdemoApplication on DESKTOP-TKUNCFR with PID 11120 (D:\spring proj\AOPdemo\target\classes started by shanmukh in D:\spring proj\AOPdemo)
2020-10-08 01:29:46.841  INFO 11120 --- [restartedMain] com.aop.AoPdemoApplication               : No active profile set, falling back to default profiles: default
2020-10-08 01:29:47.075  INFO 11120 --- [restartedMain] o.s.b.w.embedded.tomcat.TomcatWebServer  : Tomcat initialized with port(s): 9000 (http)
2020-10-08 01:29:47.076  INFO 11120 --- [restartedMain] o.apache.catalina.core.StandardService   : Starting service [Tomcat]
2020-10-08 01:29:47.076  INFO 11120 --- [restartedMain] org.apache.catalina.core.StandardEngine  : Starting Servlet engine: [Apache Tomcat/9.0.38]
2020-10-08 01:29:47.090  INFO 11120 --- [restartedMain] o.a.c.c.C.[Tomcat-1].[localhost].[/]     : Initializing Spring embedded WebApplicationContext
2020-10-08 01:29:47.091  INFO 11120 --- [restartedMain] w.s.c.ServletWebServerApplicationContext : Root WebApplicationContext: initialization completed in 248 ms
2020-10-08 01:29:47.153  INFO 11120 --- [restartedMain] o.s.s.concurrent.ThreadPoolTaskExecutor  : Initializing ExecutorService 'applicationTaskExecutor'
2020-10-08 01:29:47.203  INFO 11120 --- [restartedMain] o.s.b.d.a.OptionalLiveReloadServer       : LiveReload server is running on port 35729
2020-10-08 01:29:47.215  INFO 11120 --- [restartedMain] o.s.b.w.embedded.tomcat.TomcatWebServer  : Tomcat started on port(s): 9000 (http) with context path ''
2020-10-08 01:29:47.219  INFO 11120 --- [restartedMain] com.aop.AoPdemoApplication               : Started AoPdemoApplication in 0.41 seconds (JVM running for 2125.597)
2020-10-08 01:29:47.221  INFO 11120 --- [restartedMain] .ConditionEvaluationDeltaLoggingListener : Condition evaluation unchanged
2020-10-08 01:29:57.141  INFO 11120 --- [Thread-69] o.s.s.concurrent.ThreadPoolTaskExecutor  : Shutting down ExecutorService 'applicationTaskExecutor'
2020-10-08 01:29:57.271  INFO 11120 --- [restartedMain] com.aop.AoPdemoApplication               : Starting AoPdemoApplication on DESKTOP-TKUNCFR with PID 11120 (D:\spring proj\AOPdemo\target\classes started by shanmukh in D:\spring proj\AOPdemo)
2020-10-08 01:29:57.271  INFO 11120 --- [restartedMain] com.aop.AoPdemoApplication               : No active profile set, falling back to default profiles: default
2020-10-08 01:29:57.507  INFO 11120 --- [restartedMain] o.s.b.w.embedded.tomcat.TomcatWebServer  : Tomcat initialized with port(s): 9000 (http)
2020-10-08 01:29:57.508  INFO 11120 --- [restartedMain] o.apache.catalina.core.StandardService   : Starting service [Tomcat]
2020-10-08 01:29:57.508  INFO 11120 --- [restartedMain] org.apache.catalina.core.StandardEngine  : Starting Servlet engine: [Apache Tomcat/9.0.38]
2020-10-08 01:29:57.524  INFO 11120 --- [restartedMain] o.a.c.c.C.[Tomcat-1].[localhost].[/]     : Initializing Spring embedded WebApplicationContext
2020-10-08 01:29:57.525  INFO 11120 --- [restartedMain] w.s.c.ServletWebServerApplicationContext : Root WebApplicationContext: initialization completed in 251 ms
2020-10-08 01:29:57.587  INFO 11120 --- [restartedMain] o.s.s.concurrent.ThreadPoolTaskExecutor  : Initializing ExecutorService 'applicationTaskExecutor'
2020-10-08 01:29:57.637  INFO 11120 --- [restartedMain] o.s.b.d.a.OptionalLiveReloadServer       : LiveReload server is running on port 35729
2020-10-08 01:29:57.650  INFO 11120 --- [restartedMain] o.s.b.w.embedded.tomcat.TomcatWebServer  : Tomcat started on port(s): 9000 (http) with context path ''
2020-10-08 01:29:57.654  INFO 11120 --- [restartedMain] com.aop.AoPdemoApplication               : Started AoPdemoApplication in 0.413 seconds (JVM running for 2136.032)
2020-10-08 01:29:57.656  INFO 11120 --- [restartedMain] .ConditionEvaluationDeltaLoggingListener : Condition evaluation unchanged
2020-10-08 01:30:04.653  INFO 11120 --- [Thread-74] o.s.s.concurrent.ThreadPoolTaskExecutor  : Shutting down ExecutorService 'applicationTaskExecutor'
2020-10-08 01:30:04.784  INFO 11120 --- [restartedMain] com.aop.AoPdemoApplication               : Starting AoPdemoApplication on DESKTOP-TKUNCFR with PID 11120 (D:\spring proj\AOPdemo\target\classes started by shanmukh in D:\spring proj\AOPdemo)
2020-10-08 01:30:04.785  INFO 11120 --- [restartedMain] com.aop.AoPdemoApplication               : No active profile set, falling back to default profiles: default
2020-10-08 01:30:05.036  INFO 11120 --- [restartedMain] o.s.b.w.embedded.tomcat.TomcatWebServer  : Tomcat initialized with port(s): 9000 (http)
2020-10-08 01:30:05.038  INFO 11120 --- [restartedMain] o.apache.catalina.core.StandardService   : Starting service [Tomcat]
2020-10-08 01:30:05.038  INFO 11120 --- [restartedMain] org.apache.catalina.core.StandardEngine  : Starting Servlet engine: [Apache Tomcat/9.0.38]
2020-10-08 01:30:05.081  INFO 11120 --- [restartedMain] o.a.c.c.C.[Tomcat-1].[localhost].[/]     : Initializing Spring embedded WebApplicationContext
2020-10-08 01:30:05.081  INFO 11120 --- [restartedMain] w.s.c.ServletWebServerApplicationContext : Root WebApplicationContext: initialization completed in 294 ms
2020-10-08 01:30:05.157  INFO 11120 --- [restartedMain] o.s.s.concurrent.ThreadPoolTaskExecutor  : Initializing ExecutorService 'applicationTaskExecutor'
2020-10-08 01:30:05.219  INFO 11120 --- [restartedMain] o.s.b.d.a.OptionalLiveReloadServer       : LiveReload server is running on port 35729
2020-10-08 01:30:05.229  INFO 11120 --- [restartedMain] o.s.b.w.embedded.tomcat.TomcatWebServer  : Tomcat started on port(s): 9000 (http) with context path ''
2020-10-08 01:30:05.233  INFO 11120 --- [restartedMain] com.aop.AoPdemoApplication               : Started AoPdemoApplication in 0.49 seconds (JVM running for 2143.61)
2020-10-08 01:30:05.234  INFO 11120 --- [restartedMain] .ConditionEvaluationDeltaLoggingListener : Condition evaluation unchanged
2020-10-08 01:30:09.656  INFO 11120 --- [http-nio-9000-exec-1] o.a.c.c.C.[Tomcat-1].[localhost].[/]     : Initializing Spring DispatcherServlet 'dispatcherServlet'
2020-10-08 01:30:09.659  INFO 11120 --- [http-nio-9000-exec-1] o.s.web.servlet.DispatcherServlet        : Initializing Servlet 'dispatcherServlet'
2020-10-08 01:30:09.663  INFO 11120 --- [http-nio-9000-exec-1] o.s.web.servlet.DispatcherServlet        : Completed initialization in 3 ms
2020-10-08 01:30:09.665  INFO 11120 --- [http-nio-9000-exec-1] com.aop.config.Democonfig                : get details metod called from aspect 
2020-10-08 01:30:09.670  INFO 11120 --- [http-nio-9000-exec-1] com.aop.config.Democonfig                : get details metod called after from aspect 
2020-10-08 01:31:37.507  INFO 11120 --- [Thread-79] o.s.s.concurrent.ThreadPoolTaskExecutor  : Shutting down ExecutorService 'applicationTaskExecutor'
2020-10-08 01:31:37.647  INFO 11120 --- [restartedMain] com.aop.AoPdemoApplication               : Starting AoPdemoApplication on DESKTOP-TKUNCFR with PID 11120 (D:\spring proj\AOPdemo\target\classes started by shanmukh in D:\spring proj\AOPdemo)
2020-10-08 01:31:37.647  INFO 11120 --- [restartedMain] com.aop.AoPdemoApplication               : No active profile set, falling back to default profiles: default
2020-10-08 01:31:37.924  INFO 11120 --- [restartedMain] o.s.b.w.embedded.tomcat.TomcatWebServer  : Tomcat initialized with port(s): 9000 (http)
2020-10-08 01:31:37.925  INFO 11120 --- [restartedMain] o.apache.catalina.core.StandardService   : Starting service [Tomcat]
2020-10-08 01:31:37.926  INFO 11120 --- [restartedMain] org.apache.catalina.core.StandardEngine  : Starting Servlet engine: [Apache Tomcat/9.0.38]
2020-10-08 01:31:37.951  INFO 11120 --- [restartedMain] o.a.c.c.C.[Tomcat-1].[localhost].[/]     : Initializing Spring embedded WebApplicationContext
2020-10-08 01:31:37.951  INFO 11120 --- [restartedMain] w.s.c.ServletWebServerApplicationContext : Root WebApplicationContext: initialization completed in 301 ms
2020-10-08 01:31:38.017  INFO 11120 --- [restartedMain] o.s.s.concurrent.ThreadPoolTaskExecutor  : Initializing ExecutorService 'applicationTaskExecutor'
2020-10-08 01:31:38.069  INFO 11120 --- [restartedMain] o.s.b.d.a.OptionalLiveReloadServer       : LiveReload server is running on port 35729
2020-10-08 01:31:38.082  INFO 11120 --- [restartedMain] o.s.b.w.embedded.tomcat.TomcatWebServer  : Tomcat started on port(s): 9000 (http) with context path ''
2020-10-08 01:31:38.087  INFO 11120 --- [restartedMain] com.aop.AoPdemoApplication               : Started AoPdemoApplication in 0.465 seconds (JVM running for 2236.464)
2020-10-08 01:31:38.088  INFO 11120 --- [restartedMain] .ConditionEvaluationDeltaLoggingListener : Condition evaluation unchanged
2020-10-08 01:31:43.061  INFO 11120 --- [http-nio-9000-exec-1] o.a.c.c.C.[Tomcat-1].[localhost].[/]     : Initializing Spring DispatcherServlet 'dispatcherServlet'
2020-10-08 01:31:43.063  INFO 11120 --- [http-nio-9000-exec-1] o.s.web.servlet.DispatcherServlet        : Initializing Servlet 'dispatcherServlet'
2020-10-08 01:31:43.072  INFO 11120 --- [http-nio-9000-exec-1] o.s.web.servlet.DispatcherServlet        : Completed initialization in 9 ms
2020-10-08 01:31:43.074  INFO 11120 --- [http-nio-9000-exec-1] com.aop.config.Democonfig                : get details metod called from aspect 
2020-10-08 01:31:43.080  INFO 11120 --- [http-nio-9000-exec-1] com.aop.config.Democonfig                : get details metod called after from aspect 
2020-10-08 01:31:43.348 ERROR 11120 --- [http-nio-9000-exec-1] o.a.c.c.C.[.[.[/].[dispatcherServlet]    : Servlet.service() for servlet [dispatcherServlet] in context with path [] threw exception [Request processing failed; nested exception is java.lang.ArithmeticException: / by zero] with root cause

java.lang.ArithmeticException: / by zero
	at com.aop.controller.DemoController.getDetails(DemoController.java:22) ~[classes/:na]
	at com.aop.controller.DemoController$$FastClassBySpringCGLIB$$24815df8.invoke(<generated>) ~[classes/:na]
	at org.springframework.cglib.proxy.MethodProxy.invoke(MethodProxy.java:218) ~[spring-core-5.2.9.RELEASE.jar:5.2.9.RELEASE]
	at org.springframework.aop.framework.CglibAopProxy$CglibMethodInvocation.invokeJoinpoint(CglibAopProxy.java:771) ~[spring-aop-5.2.9.RELEASE.jar:5.2.9.RELEASE]
	at org.springframework.aop.framework.ReflectiveMethodInvocation.proceed(ReflectiveMethodInvocation.java:163) ~[spring-aop-5.2.9.RELEASE.jar:5.2.9.RELEASE]
	at org.springframework.aop.framework.CglibAopProxy$CglibMethodInvocation.proceed(CglibAopProxy.java:749) ~[spring-aop-5.2.9.RELEASE.jar:5.2.9.RELEASE]
	at org.springframework.aop.aspectj.AspectJAfterAdvice.invoke(AspectJAfterAdvice.java:47) ~[spring-aop-5.2.9.RELEASE.jar:5.2.9.RELEASE]
	at org.springframework.aop.framework.ReflectiveMethodInvocation.proceed(ReflectiveMethodInvocation.java:186) ~[spring-aop-5.2.9.RELEASE.jar:5.2.9.RELEASE]
	at org.springframework.aop.framework.CglibAopProxy$CglibMethodInvocation.proceed(CglibAopProxy.java:749) ~[spring-aop-5.2.9.RELEASE.jar:5.2.9.RELEASE]
	at org.springframework.aop.framework.adapter.MethodBeforeAdviceInterceptor.invoke(MethodBeforeAdviceInterceptor.java:56) ~[spring-aop-5.2.9.RELEASE.jar:5.2.9.RELEASE]
	at org.springframework.aop.framework.ReflectiveMethodInvocation.proceed(ReflectiveMethodInvocation.java:186) ~[spring-aop-5.2.9.RELEASE.jar:5.2.9.RELEASE]
	at org.springframework.aop.framework.CglibAopProxy$CglibMethodInvocation.proceed(CglibAopProxy.java:749) ~[spring-aop-5.2.9.RELEASE.jar:5.2.9.RELEASE]
	at org.springframework.aop.interceptor.ExposeInvocationInterceptor.invoke(ExposeInvocationInterceptor.java:95) ~[spring-aop-5.2.9.RELEASE.jar:5.2.9.RELEASE]
	at org.springframework.aop.framework.ReflectiveMethodInvocation.proceed(ReflectiveMethodInvocation.java:186) ~[spring-aop-5.2.9.RELEASE.jar:5.2.9.RELEASE]
	at org.springframework.aop.framework.CglibAopProxy$CglibMethodInvocation.proceed(CglibAopProxy.java:749) ~[spring-aop-5.2.9.RELEASE.jar:5.2.9.RELEASE]
	at org.springframework.aop.framework.CglibAopProxy$DynamicAdvisedInterceptor.intercept(CglibAopProxy.java:691) ~[spring-aop-5.2.9.RELEASE.jar:5.2.9.RELEASE]
	at com.aop.controller.DemoController$$EnhancerBySpringCGLIB$$9a14ab63.getDetails(<generated>) ~[classes/:na]
	at sun.reflect.NativeMethodAccessorImpl.invoke0(Native Method) ~[na:1.8.0_92]
	at sun.reflect.NativeMethodAccessorImpl.invoke(Unknown Source) ~[na:1.8.0_92]
	at sun.reflect.DelegatingMethodAccessorImpl.invoke(Unknown Source) ~[na:1.8.0_92]
	at java.lang.reflect.Method.invoke(Unknown Source) ~[na:1.8.0_92]
	at org.springframework.web.method.support.InvocableHandlerMethod.doInvoke(InvocableHandlerMethod.java:190) ~[spring-web-5.2.9.RELEASE.jar:5.2.9.RELEASE]
	at org.springframework.web.method.support.InvocableHandlerMethod.invokeForRequest(InvocableHandlerMethod.java:138) ~[spring-web-5.2.9.RELEASE.jar:5.2.9.RELEASE]
	at org.springframework.web.servlet.mvc.method.annotation.ServletInvocableHandlerMethod.invokeAndHandle(ServletInvocableHandlerMethod.java:105) ~[spring-webmvc-5.2.9.RELEASE.jar:5.2.9.RELEASE]
	at org.springframework.web.servlet.mvc.method.annotation.RequestMappingHandlerAdapter.invokeHandlerMethod(RequestMappingHandlerAdapter.java:878) ~[spring-webmvc-5.2.9.RELEASE.jar:5.2.9.RELEASE]
	at org.springframework.web.servlet.mvc.method.annotation.RequestMappingHandlerAdapter.handleInternal(RequestMappingHandlerAdapter.java:792) ~[spring-webmvc-5.2.9.RELEASE.jar:5.2.9.RELEASE]
	at org.springframework.web.servlet.mvc.method.AbstractHandlerMethodAdapter.handle(AbstractHandlerMethodAdapter.java:87) ~[spring-webmvc-5.2.9.RELEASE.jar:5.2.9.RELEASE]
	at org.springframework.web.servlet.DispatcherServlet.doDispatch(DispatcherServlet.java:1040) ~[spring-webmvc-5.2.9.RELEASE.jar:5.2.9.RELEASE]
	at org.springframework.web.servlet.DispatcherServlet.doService(DispatcherServlet.java:943) ~[spring-webmvc-5.2.9.RELEASE.jar:5.2.9.RELEASE]
	at org.springframework.web.servlet.FrameworkServlet.processRequest(FrameworkServlet.java:1006) ~[spring-webmvc-5.2.9.RELEASE.jar:5.2.9.RELEASE]
	at org.springframework.web.servlet.FrameworkServlet.doGet(FrameworkServlet.java:898) ~[spring-webmvc-5.2.9.RELEASE.jar:5.2.9.RELEASE]
	at javax.servlet.http.HttpServlet.service(HttpServlet.java:626) ~[tomcat-embed-core-9.0.38.jar:4.0.FR]
	at org.springframework.web.servlet.FrameworkServlet.service(FrameworkServlet.java:883) ~[spring-webmvc-5.2.9.RELEASE.jar:5.2.9.RELEASE]
	at javax.servlet.http.HttpServlet.service(HttpServlet.java:733) ~[tomcat-embed-core-9.0.38.jar:4.0.FR]
	at org.apache.catalina.core.ApplicationFilterChain.internalDoFilter(ApplicationFilterChain.java:231) ~[tomcat-embed-core-9.0.38.jar:9.0.38]
	at org.apache.catalina.core.ApplicationFilterChain.doFilter(ApplicationFilterChain.java:166) ~[tomcat-embed-core-9.0.38.jar:9.0.38]
	at org.apache.tomcat.websocket.server.WsFilter.doFilter(WsFilter.java:53) ~[tomcat-embed-websocket-9.0.38.jar:9.0.38]
	at org.apache.catalina.core.ApplicationFilterChain.internalDoFilter(ApplicationFilterChain.java:193) ~[tomcat-embed-core-9.0.38.jar:9.0.38]
	at org.apache.catalina.core.ApplicationFilterChain.doFilter(ApplicationFilterChain.java:166) ~[tomcat-embed-core-9.0.38.jar:9.0.38]
	at org.springframework.web.filter.RequestContextFilter.doFilterInternal(RequestContextFilter.java:100) ~[spring-web-5.2.9.RELEASE.jar:5.2.9.RELEASE]
	at org.springframework.web.filter.OncePerRequestFilter.doFilter(OncePerRequestFilter.java:119) ~[spring-web-5.2.9.RELEASE.jar:5.2.9.RELEASE]
	at org.apache.catalina.core.ApplicationFilterChain.internalDoFilter(ApplicationFilterChain.java:193) ~[tomcat-embed-core-9.0.38.jar:9.0.38]
	at org.apache.catalina.core.ApplicationFilterChain.doFilter(ApplicationFilterChain.java:166) ~[tomcat-embed-core-9.0.38.jar:9.0.38]
	at org.springframework.web.filter.FormContentFilter.doFilterInternal(FormContentFilter.java:93) ~[spring-web-5.2.9.RELEASE.jar:5.2.9.RELEASE]
	at org.springframework.web.filter.OncePerRequestFilter.doFilter(OncePerRequestFilter.java:119) ~[spring-web-5.2.9.RELEASE.jar:5.2.9.RELEASE]
	at org.apache.catalina.core.ApplicationFilterChain.internalDoFilter(ApplicationFilterChain.java:193) ~[tomcat-embed-core-9.0.38.jar:9.0.38]
	at org.apache.catalina.core.ApplicationFilterChain.doFilter(ApplicationFilterChain.java:166) ~[tomcat-embed-core-9.0.38.jar:9.0.38]
	at org.springframework.web.filter.CharacterEncodingFilter.doFilterInternal(CharacterEncodingFilter.java:201) ~[spring-web-5.2.9.RELEASE.jar:5.2.9.RELEASE]
	at org.springframework.web.filter.OncePerRequestFilter.doFilter(OncePerRequestFilter.java:119) ~[spring-web-5.2.9.RELEASE.jar:5.2.9.RELEASE]
	at org.apache.catalina.core.ApplicationFilterChain.internalDoFilter(ApplicationFilterChain.java:193) ~[tomcat-embed-core-9.0.38.jar:9.0.38]
	at org.apache.catalina.core.ApplicationFilterChain.doFilter(ApplicationFilterChain.java:166) ~[tomcat-embed-core-9.0.38.jar:9.0.38]
	at org.apache.catalina.core.StandardWrapperValve.invoke(StandardWrapperValve.java:202) ~[tomcat-embed-core-9.0.38.jar:9.0.38]
	at org.apache.catalina.core.StandardContextValve.invoke(StandardContextValve.java:97) [tomcat-embed-core-9.0.38.jar:9.0.38]
	at org.apache.catalina.authenticator.AuthenticatorBase.invoke(AuthenticatorBase.java:541) [tomcat-embed-core-9.0.38.jar:9.0.38]
	at org.apache.catalina.core.StandardHostValve.invoke(StandardHostValve.java:143) [tomcat-embed-core-9.0.38.jar:9.0.38]
	at org.apache.catalina.valves.ErrorReportValve.invoke(ErrorReportValve.java:92) [tomcat-embed-core-9.0.38.jar:9.0.38]
	at org.apache.catalina.core.StandardEngineValve.invoke(StandardEngineValve.java:78) [tomcat-embed-core-9.0.38.jar:9.0.38]
	at org.apache.catalina.connector.CoyoteAdapter.service(CoyoteAdapter.java:343) [tomcat-embed-core-9.0.38.jar:9.0.38]
	at org.apache.coyote.http11.Http11Processor.service(Http11Processor.java:374) [tomcat-embed-core-9.0.38.jar:9.0.38]
	at org.apache.coyote.AbstractProcessorLight.process(AbstractProcessorLight.java:65) [tomcat-embed-core-9.0.38.jar:9.0.38]
	at org.apache.coyote.AbstractProtocol$ConnectionHandler.process(AbstractProtocol.java:868) [tomcat-embed-core-9.0.38.jar:9.0.38]
	at org.apache.tomcat.util.net.NioEndpoint$SocketProcessor.doRun(NioEndpoint.java:1590) [tomcat-embed-core-9.0.38.jar:9.0.38]
	at org.apache.tomcat.util.net.SocketProcessorBase.run(SocketProcessorBase.java:49) [tomcat-embed-core-9.0.38.jar:9.0.38]
	at java.util.concurrent.ThreadPoolExecutor.runWorker(Unknown Source) [na:1.8.0_92]
	at java.util.concurrent.ThreadPoolExecutor$Worker.run(Unknown Source) [na:1.8.0_92]
	at org.apache.tomcat.util.threads.TaskThread$WrappingRunnable.run(TaskThread.java:61) [tomcat-embed-core-9.0.38.jar:9.0.38]
	at java.lang.Thread.run(Unknown Source) [na:1.8.0_92]

2020-10-08 01:32:29.145  INFO 11120 --- [Thread-84] o.s.s.concurrent.ThreadPoolTaskExecutor  : Shutting down ExecutorService 'applicationTaskExecutor'
2020-10-08 01:32:29.350  INFO 11120 --- [restartedMain] com.aop.AoPdemoApplication               : Starting AoPdemoApplication on DESKTOP-TKUNCFR with PID 11120 (D:\spring proj\AOPdemo\target\classes started by shanmukh in D:\spring proj\AOPdemo)
2020-10-08 01:32:29.351  INFO 11120 --- [restartedMain] com.aop.AoPdemoApplication               : No active profile set, falling back to default profiles: default
2020-10-08 01:32:29.588  INFO 11120 --- [restartedMain] o.s.b.w.embedded.tomcat.TomcatWebServer  : Tomcat initialized with port(s): 9000 (http)
2020-10-08 01:32:29.589  INFO 11120 --- [restartedMain] o.apache.catalina.core.StandardService   : Starting service [Tomcat]
2020-10-08 01:32:29.589  INFO 11120 --- [restartedMain] org.apache.catalina.core.StandardEngine  : Starting Servlet engine: [Apache Tomcat/9.0.38]
2020-10-08 01:32:29.696  INFO 11120 --- [restartedMain] o.a.c.c.C.[Tomcat-1].[localhost].[/]     : Initializing Spring embedded WebApplicationContext
2020-10-08 01:32:29.697  INFO 11120 --- [restartedMain] w.s.c.ServletWebServerApplicationContext : Root WebApplicationContext: initialization completed in 343 ms
2020-10-08 01:32:29.810  INFO 11120 --- [restartedMain] o.s.s.concurrent.ThreadPoolTaskExecutor  : Initializing ExecutorService 'applicationTaskExecutor'
2020-10-08 01:32:29.866  INFO 11120 --- [restartedMain] o.s.b.d.a.OptionalLiveReloadServer       : LiveReload server is running on port 35729
2020-10-08 01:32:29.878  INFO 11120 --- [restartedMain] o.s.b.w.embedded.tomcat.TomcatWebServer  : Tomcat started on port(s): 9000 (http) with context path ''
2020-10-08 01:32:29.882  INFO 11120 --- [restartedMain] com.aop.AoPdemoApplication               : Started AoPdemoApplication in 0.567 seconds (JVM running for 2288.26)
2020-10-08 01:32:29.884  INFO 11120 --- [restartedMain] .ConditionEvaluationDeltaLoggingListener : Condition evaluation unchanged
2020-10-08 01:32:40.752  INFO 11120 --- [Thread-89] o.s.s.concurrent.ThreadPoolTaskExecutor  : Shutting down ExecutorService 'applicationTaskExecutor'
2020-10-08 01:32:40.876  INFO 11120 --- [restartedMain] com.aop.AoPdemoApplication               : Starting AoPdemoApplication on DESKTOP-TKUNCFR with PID 11120 (D:\spring proj\AOPdemo\target\classes started by shanmukh in D:\spring proj\AOPdemo)
2020-10-08 01:32:40.876  INFO 11120 --- [restartedMain] com.aop.AoPdemoApplication               : No active profile set, falling back to default profiles: default
2020-10-08 01:32:41.084  INFO 11120 --- [restartedMain] o.s.b.w.embedded.tomcat.TomcatWebServer  : Tomcat initialized with port(s): 9000 (http)
2020-10-08 01:32:41.084  INFO 11120 --- [restartedMain] o.apache.catalina.core.StandardService   : Starting service [Tomcat]
2020-10-08 01:32:41.084  INFO 11120 --- [restartedMain] org.apache.catalina.core.StandardEngine  : Starting Servlet engine: [Apache Tomcat/9.0.38]
2020-10-08 01:32:41.102  INFO 11120 --- [restartedMain] o.a.c.c.C.[Tomcat-1].[localhost].[/]     : Initializing Spring embedded WebApplicationContext
2020-10-08 01:32:41.102  INFO 11120 --- [restartedMain] w.s.c.ServletWebServerApplicationContext : Root WebApplicationContext: initialization completed in 223 ms
2020-10-08 01:32:41.174  INFO 11120 --- [restartedMain] o.s.s.concurrent.ThreadPoolTaskExecutor  : Initializing ExecutorService 'applicationTaskExecutor'
2020-10-08 01:32:41.220  INFO 11120 --- [restartedMain] o.s.b.d.a.OptionalLiveReloadServer       : LiveReload server is running on port 35729
2020-10-08 01:32:41.232  INFO 11120 --- [restartedMain] o.s.b.w.embedded.tomcat.TomcatWebServer  : Tomcat started on port(s): 9000 (http) with context path ''
2020-10-08 01:32:41.236  INFO 11120 --- [restartedMain] com.aop.AoPdemoApplication               : Started AoPdemoApplication in 0.388 seconds (JVM running for 2299.614)
2020-10-08 01:32:41.238  INFO 11120 --- [restartedMain] .ConditionEvaluationDeltaLoggingListener : Condition evaluation unchanged
2020-10-08 01:32:56.235  INFO 11120 --- [http-nio-9000-exec-1] o.a.c.c.C.[Tomcat-1].[localhost].[/]     : Initializing Spring DispatcherServlet 'dispatcherServlet'
2020-10-08 01:32:56.236  INFO 11120 --- [http-nio-9000-exec-1] o.s.web.servlet.DispatcherServlet        : Initializing Servlet 'dispatcherServlet'
2020-10-08 01:32:56.243  INFO 11120 --- [http-nio-9000-exec-1] o.s.web.servlet.DispatcherServlet        : Completed initialization in 6 ms
2020-10-08 01:32:56.246  INFO 11120 --- [http-nio-9000-exec-1] com.aop.config.Democonfig                : get details metod called from aspect 
2020-10-08 01:32:56.254 ERROR 11120 --- [http-nio-9000-exec-1] o.a.c.c.C.[.[.[/].[dispatcherServlet]    : Servlet.service() for servlet [dispatcherServlet] in context with path [] threw exception [Request processing failed; nested exception is java.lang.ArithmeticException: / by zero] with root cause

java.lang.ArithmeticException: / by zero
	at com.aop.controller.DemoController.getDetails(DemoController.java:22) ~[classes/:na]
	at com.aop.controller.DemoController$$FastClassBySpringCGLIB$$24815df8.invoke(<generated>) ~[classes/:na]
	at org.springframework.cglib.proxy.MethodProxy.invoke(MethodProxy.java:218) ~[spring-core-5.2.9.RELEASE.jar:5.2.9.RELEASE]
	at org.springframework.aop.framework.CglibAopProxy$CglibMethodInvocation.invokeJoinpoint(CglibAopProxy.java:771) ~[spring-aop-5.2.9.RELEASE.jar:5.2.9.RELEASE]
	at org.springframework.aop.framework.ReflectiveMethodInvocation.proceed(ReflectiveMethodInvocation.java:163) ~[spring-aop-5.2.9.RELEASE.jar:5.2.9.RELEASE]
	at org.springframework.aop.framework.CglibAopProxy$CglibMethodInvocation.proceed(CglibAopProxy.java:749) ~[spring-aop-5.2.9.RELEASE.jar:5.2.9.RELEASE]
	at org.springframework.aop.framework.adapter.AfterReturningAdviceInterceptor.invoke(AfterReturningAdviceInterceptor.java:55) ~[spring-aop-5.2.9.RELEASE.jar:5.2.9.RELEASE]
	at org.springframework.aop.framework.ReflectiveMethodInvocation.proceed(ReflectiveMethodInvocation.java:186) ~[spring-aop-5.2.9.RELEASE.jar:5.2.9.RELEASE]
	at org.springframework.aop.framework.CglibAopProxy$CglibMethodInvocation.proceed(CglibAopProxy.java:749) ~[spring-aop-5.2.9.RELEASE.jar:5.2.9.RELEASE]
	at org.springframework.aop.framework.adapter.MethodBeforeAdviceInterceptor.invoke(MethodBeforeAdviceInterceptor.java:56) ~[spring-aop-5.2.9.RELEASE.jar:5.2.9.RELEASE]
	at org.springframework.aop.framework.ReflectiveMethodInvocation.proceed(ReflectiveMethodInvocation.java:186) ~[spring-aop-5.2.9.RELEASE.jar:5.2.9.RELEASE]
	at org.springframework.aop.framework.CglibAopProxy$CglibMethodInvocation.proceed(CglibAopProxy.java:749) ~[spring-aop-5.2.9.RELEASE.jar:5.2.9.RELEASE]
	at org.springframework.aop.interceptor.ExposeInvocationInterceptor.invoke(ExposeInvocationInterceptor.java:95) ~[spring-aop-5.2.9.RELEASE.jar:5.2.9.RELEASE]
	at org.springframework.aop.framework.ReflectiveMethodInvocation.proceed(ReflectiveMethodInvocation.java:186) ~[spring-aop-5.2.9.RELEASE.jar:5.2.9.RELEASE]
	at org.springframework.aop.framework.CglibAopProxy$CglibMethodInvocation.proceed(CglibAopProxy.java:749) ~[spring-aop-5.2.9.RELEASE.jar:5.2.9.RELEASE]
	at org.springframework.aop.framework.CglibAopProxy$DynamicAdvisedInterceptor.intercept(CglibAopProxy.java:691) ~[spring-aop-5.2.9.RELEASE.jar:5.2.9.RELEASE]
	at com.aop.controller.DemoController$$EnhancerBySpringCGLIB$$b5dda045.getDetails(<generated>) ~[classes/:na]
	at sun.reflect.NativeMethodAccessorImpl.invoke0(Native Method) ~[na:1.8.0_92]
	at sun.reflect.NativeMethodAccessorImpl.invoke(Unknown Source) ~[na:1.8.0_92]
	at sun.reflect.DelegatingMethodAccessorImpl.invoke(Unknown Source) ~[na:1.8.0_92]
	at java.lang.reflect.Method.invoke(Unknown Source) ~[na:1.8.0_92]
	at org.springframework.web.method.support.InvocableHandlerMethod.doInvoke(InvocableHandlerMethod.java:190) ~[spring-web-5.2.9.RELEASE.jar:5.2.9.RELEASE]
	at org.springframework.web.method.support.InvocableHandlerMethod.invokeForRequest(InvocableHandlerMethod.java:138) ~[spring-web-5.2.9.RELEASE.jar:5.2.9.RELEASE]
	at org.springframework.web.servlet.mvc.method.annotation.ServletInvocableHandlerMethod.invokeAndHandle(ServletInvocableHandlerMethod.java:105) ~[spring-webmvc-5.2.9.RELEASE.jar:5.2.9.RELEASE]
	at org.springframework.web.servlet.mvc.method.annotation.RequestMappingHandlerAdapter.invokeHandlerMethod(RequestMappingHandlerAdapter.java:878) ~[spring-webmvc-5.2.9.RELEASE.jar:5.2.9.RELEASE]
	at org.springframework.web.servlet.mvc.method.annotation.RequestMappingHandlerAdapter.handleInternal(RequestMappingHandlerAdapter.java:792) ~[spring-webmvc-5.2.9.RELEASE.jar:5.2.9.RELEASE]
	at org.springframework.web.servlet.mvc.method.AbstractHandlerMethodAdapter.handle(AbstractHandlerMethodAdapter.java:87) ~[spring-webmvc-5.2.9.RELEASE.jar:5.2.9.RELEASE]
	at org.springframework.web.servlet.DispatcherServlet.doDispatch(DispatcherServlet.java:1040) ~[spring-webmvc-5.2.9.RELEASE.jar:5.2.9.RELEASE]
	at org.springframework.web.servlet.DispatcherServlet.doService(DispatcherServlet.java:943) ~[spring-webmvc-5.2.9.RELEASE.jar:5.2.9.RELEASE]
	at org.springframework.web.servlet.FrameworkServlet.processRequest(FrameworkServlet.java:1006) ~[spring-webmvc-5.2.9.RELEASE.jar:5.2.9.RELEASE]
	at org.springframework.web.servlet.FrameworkServlet.doGet(FrameworkServlet.java:898) ~[spring-webmvc-5.2.9.RELEASE.jar:5.2.9.RELEASE]
	at javax.servlet.http.HttpServlet.service(HttpServlet.java:626) ~[tomcat-embed-core-9.0.38.jar:4.0.FR]
	at org.springframework.web.servlet.FrameworkServlet.service(FrameworkServlet.java:883) ~[spring-webmvc-5.2.9.RELEASE.jar:5.2.9.RELEASE]
	at javax.servlet.http.HttpServlet.service(HttpServlet.java:733) ~[tomcat-embed-core-9.0.38.jar:4.0.FR]
	at org.apache.catalina.core.ApplicationFilterChain.internalDoFilter(ApplicationFilterChain.java:231) ~[tomcat-embed-core-9.0.38.jar:9.0.38]
	at org.apache.catalina.core.ApplicationFilterChain.doFilter(ApplicationFilterChain.java:166) ~[tomcat-embed-core-9.0.38.jar:9.0.38]
	at org.apache.tomcat.websocket.server.WsFilter.doFilter(WsFilter.java:53) ~[tomcat-embed-websocket-9.0.38.jar:9.0.38]
	at org.apache.catalina.core.ApplicationFilterChain.internalDoFilter(ApplicationFilterChain.java:193) ~[tomcat-embed-core-9.0.38.jar:9.0.38]
	at org.apache.catalina.core.ApplicationFilterChain.doFilter(ApplicationFilterChain.java:166) ~[tomcat-embed-core-9.0.38.jar:9.0.38]
	at org.springframework.web.filter.RequestContextFilter.doFilterInternal(RequestContextFilter.java:100) ~[spring-web-5.2.9.RELEASE.jar:5.2.9.RELEASE]
	at org.springframework.web.filter.OncePerRequestFilter.doFilter(OncePerRequestFilter.java:119) ~[spring-web-5.2.9.RELEASE.jar:5.2.9.RELEASE]
	at org.apache.catalina.core.ApplicationFilterChain.internalDoFilter(ApplicationFilterChain.java:193) ~[tomcat-embed-core-9.0.38.jar:9.0.38]
	at org.apache.catalina.core.ApplicationFilterChain.doFilter(ApplicationFilterChain.java:166) ~[tomcat-embed-core-9.0.38.jar:9.0.38]
	at org.springframework.web.filter.FormContentFilter.doFilterInternal(FormContentFilter.java:93) ~[spring-web-5.2.9.RELEASE.jar:5.2.9.RELEASE]
	at org.springframework.web.filter.OncePerRequestFilter.doFilter(OncePerRequestFilter.java:119) ~[spring-web-5.2.9.RELEASE.jar:5.2.9.RELEASE]
	at org.apache.catalina.core.ApplicationFilterChain.internalDoFilter(ApplicationFilterChain.java:193) ~[tomcat-embed-core-9.0.38.jar:9.0.38]
	at org.apache.catalina.core.ApplicationFilterChain.doFilter(ApplicationFilterChain.java:166) ~[tomcat-embed-core-9.0.38.jar:9.0.38]
	at org.springframework.web.filter.CharacterEncodingFilter.doFilterInternal(CharacterEncodingFilter.java:201) ~[spring-web-5.2.9.RELEASE.jar:5.2.9.RELEASE]
	at org.springframework.web.filter.OncePerRequestFilter.doFilter(OncePerRequestFilter.java:119) ~[spring-web-5.2.9.RELEASE.jar:5.2.9.RELEASE]
	at org.apache.catalina.core.ApplicationFilterChain.internalDoFilter(ApplicationFilterChain.java:193) ~[tomcat-embed-core-9.0.38.jar:9.0.38]
	at org.apache.catalina.core.ApplicationFilterChain.doFilter(ApplicationFilterChain.java:166) ~[tomcat-embed-core-9.0.38.jar:9.0.38]
	at org.apache.catalina.core.StandardWrapperValve.invoke(StandardWrapperValve.java:202) ~[tomcat-embed-core-9.0.38.jar:9.0.38]
	at org.apache.catalina.core.StandardContextValve.invoke(StandardContextValve.java:97) [tomcat-embed-core-9.0.38.jar:9.0.38]
	at org.apache.catalina.authenticator.AuthenticatorBase.invoke(AuthenticatorBase.java:541) [tomcat-embed-core-9.0.38.jar:9.0.38]
	at org.apache.catalina.core.StandardHostValve.invoke(StandardHostValve.java:143) [tomcat-embed-core-9.0.38.jar:9.0.38]
	at org.apache.catalina.valves.ErrorReportValve.invoke(ErrorReportValve.java:92) [tomcat-embed-core-9.0.38.jar:9.0.38]
	at org.apache.catalina.core.StandardEngineValve.invoke(StandardEngineValve.java:78) [tomcat-embed-core-9.0.38.jar:9.0.38]
	at org.apache.catalina.connector.CoyoteAdapter.service(CoyoteAdapter.java:343) [tomcat-embed-core-9.0.38.jar:9.0.38]
	at org.apache.coyote.http11.Http11Processor.service(Http11Processor.java:374) [tomcat-embed-core-9.0.38.jar:9.0.38]
	at org.apache.coyote.AbstractProcessorLight.process(AbstractProcessorLight.java:65) [tomcat-embed-core-9.0.38.jar:9.0.38]
	at org.apache.coyote.AbstractProtocol$ConnectionHandler.process(AbstractProtocol.java:868) [tomcat-embed-core-9.0.38.jar:9.0.38]
	at org.apache.tomcat.util.net.NioEndpoint$SocketProcessor.doRun(NioEndpoint.java:1590) [tomcat-embed-core-9.0.38.jar:9.0.38]
	at org.apache.tomcat.util.net.SocketProcessorBase.run(SocketProcessorBase.java:49) [tomcat-embed-core-9.0.38.jar:9.0.38]
	at java.util.concurrent.ThreadPoolExecutor.runWorker(Unknown Source) [na:1.8.0_92]
	at java.util.concurrent.ThreadPoolExecutor$Worker.run(Unknown Source) [na:1.8.0_92]
	at org.apache.tomcat.util.threads.TaskThread$WrappingRunnable.run(TaskThread.java:61) [tomcat-embed-core-9.0.38.jar:9.0.38]
	at java.lang.Thread.run(Unknown Source) [na:1.8.0_92]

2020-10-08 01:34:12.490  INFO 11120 --- [Thread-94] o.s.s.concurrent.ThreadPoolTaskExecutor  : Shutting down ExecutorService 'applicationTaskExecutor'
2020-10-08 01:34:12.696  INFO 11120 --- [restartedMain] com.aop.AoPdemoApplication               : Starting AoPdemoApplication on DESKTOP-TKUNCFR with PID 11120 (D:\spring proj\AOPdemo\target\classes started by shanmukh in D:\spring proj\AOPdemo)
2020-10-08 01:34:12.696  INFO 11120 --- [restartedMain] com.aop.AoPdemoApplication               : No active profile set, falling back to default profiles: default
2020-10-08 01:34:12.901  INFO 11120 --- [restartedMain] o.s.b.w.embedded.tomcat.TomcatWebServer  : Tomcat initialized with port(s): 9000 (http)
2020-10-08 01:34:12.902  INFO 11120 --- [restartedMain] o.apache.catalina.core.StandardService   : Starting service [Tomcat]
2020-10-08 01:34:12.902  INFO 11120 --- [restartedMain] org.apache.catalina.core.StandardEngine  : Starting Servlet engine: [Apache Tomcat/9.0.38]
2020-10-08 01:34:12.926  INFO 11120 --- [restartedMain] o.a.c.c.C.[Tomcat-1].[localhost].[/]     : Initializing Spring embedded WebApplicationContext
2020-10-08 01:34:12.926  INFO 11120 --- [restartedMain] w.s.c.ServletWebServerApplicationContext : Root WebApplicationContext: initialization completed in 227 ms
2020-10-08 01:34:12.969  INFO 11120 --- [restartedMain] o.s.s.concurrent.ThreadPoolTaskExecutor  : Initializing ExecutorService 'applicationTaskExecutor'
2020-10-08 01:34:13.010  INFO 11120 --- [restartedMain] o.s.b.d.a.OptionalLiveReloadServer       : LiveReload server is running on port 35729
2020-10-08 01:34:13.028  INFO 11120 --- [restartedMain] o.s.b.w.embedded.tomcat.TomcatWebServer  : Tomcat started on port(s): 9000 (http) with context path ''
2020-10-08 01:34:13.033  INFO 11120 --- [restartedMain] com.aop.AoPdemoApplication               : Started AoPdemoApplication in 0.364 seconds (JVM running for 2391.411)
2020-10-08 01:34:13.035  INFO 11120 --- [restartedMain] .ConditionEvaluationDeltaLoggingListener : Condition evaluation unchanged
2020-10-08 01:34:20.655  INFO 11120 --- [http-nio-9000-exec-1] o.a.c.c.C.[Tomcat-1].[localhost].[/]     : Initializing Spring DispatcherServlet 'dispatcherServlet'
2020-10-08 01:34:20.659  INFO 11120 --- [http-nio-9000-exec-1] o.s.web.servlet.DispatcherServlet        : Initializing Servlet 'dispatcherServlet'
2020-10-08 01:34:20.663  INFO 11120 --- [http-nio-9000-exec-1] o.s.web.servlet.DispatcherServlet        : Completed initialization in 3 ms
2020-10-08 01:34:20.665  INFO 11120 --- [http-nio-9000-exec-1] com.aop.config.Democonfig                : get details metod called from aspect 
2020-10-08 01:34:20.670  INFO 11120 --- [http-nio-9000-exec-1] com.aop.config.Democonfig                : get details metod called after from aspect 
2020-10-08 01:34:20.674 ERROR 11120 --- [http-nio-9000-exec-1] o.a.c.c.C.[.[.[/].[dispatcherServlet]    : Servlet.service() for servlet [dispatcherServlet] in context with path [] threw exception [Request processing failed; nested exception is java.lang.ArithmeticException: / by zero] with root cause

java.lang.ArithmeticException: / by zero
	at com.aop.controller.DemoController.getDetails(DemoController.java:22) ~[classes/:na]
	at com.aop.controller.DemoController$$FastClassBySpringCGLIB$$24815df8.invoke(<generated>) ~[classes/:na]
	at org.springframework.cglib.proxy.MethodProxy.invoke(MethodProxy.java:218) ~[spring-core-5.2.9.RELEASE.jar:5.2.9.RELEASE]
	at org.springframework.aop.framework.CglibAopProxy$CglibMethodInvocation.invokeJoinpoint(CglibAopProxy.java:771) ~[spring-aop-5.2.9.RELEASE.jar:5.2.9.RELEASE]
	at org.springframework.aop.framework.ReflectiveMethodInvocation.proceed(ReflectiveMethodInvocation.java:163) ~[spring-aop-5.2.9.RELEASE.jar:5.2.9.RELEASE]
	at org.springframework.aop.framework.CglibAopProxy$CglibMethodInvocation.proceed(CglibAopProxy.java:749) ~[spring-aop-5.2.9.RELEASE.jar:5.2.9.RELEASE]
	at org.springframework.aop.aspectj.AspectJAfterThrowingAdvice.invoke(AspectJAfterThrowingAdvice.java:62) ~[spring-aop-5.2.9.RELEASE.jar:5.2.9.RELEASE]
	at org.springframework.aop.framework.ReflectiveMethodInvocation.proceed(ReflectiveMethodInvocation.java:186) ~[spring-aop-5.2.9.RELEASE.jar:5.2.9.RELEASE]
	at org.springframework.aop.framework.CglibAopProxy$CglibMethodInvocation.proceed(CglibAopProxy.java:749) ~[spring-aop-5.2.9.RELEASE.jar:5.2.9.RELEASE]
	at org.springframework.aop.framework.adapter.MethodBeforeAdviceInterceptor.invoke(MethodBeforeAdviceInterceptor.java:56) ~[spring-aop-5.2.9.RELEASE.jar:5.2.9.RELEASE]
	at org.springframework.aop.framework.ReflectiveMethodInvocation.proceed(ReflectiveMethodInvocation.java:186) ~[spring-aop-5.2.9.RELEASE.jar:5.2.9.RELEASE]
	at org.springframework.aop.framework.CglibAopProxy$CglibMethodInvocation.proceed(CglibAopProxy.java:749) ~[spring-aop-5.2.9.RELEASE.jar:5.2.9.RELEASE]
	at org.springframework.aop.interceptor.ExposeInvocationInterceptor.invoke(ExposeInvocationInterceptor.java:95) ~[spring-aop-5.2.9.RELEASE.jar:5.2.9.RELEASE]
	at org.springframework.aop.framework.ReflectiveMethodInvocation.proceed(ReflectiveMethodInvocation.java:186) ~[spring-aop-5.2.9.RELEASE.jar:5.2.9.RELEASE]
	at org.springframework.aop.framework.CglibAopProxy$CglibMethodInvocation.proceed(CglibAopProxy.java:749) ~[spring-aop-5.2.9.RELEASE.jar:5.2.9.RELEASE]
	at org.springframework.aop.framework.CglibAopProxy$DynamicAdvisedInterceptor.intercept(CglibAopProxy.java:691) ~[spring-aop-5.2.9.RELEASE.jar:5.2.9.RELEASE]
	at com.aop.controller.DemoController$$EnhancerBySpringCGLIB$$3b276c6d.getDetails(<generated>) ~[classes/:na]
	at sun.reflect.NativeMethodAccessorImpl.invoke0(Native Method) ~[na:1.8.0_92]
	at sun.reflect.NativeMethodAccessorImpl.invoke(Unknown Source) ~[na:1.8.0_92]
	at sun.reflect.DelegatingMethodAccessorImpl.invoke(Unknown Source) ~[na:1.8.0_92]
	at java.lang.reflect.Method.invoke(Unknown Source) ~[na:1.8.0_92]
	at org.springframework.web.method.support.InvocableHandlerMethod.doInvoke(InvocableHandlerMethod.java:190) ~[spring-web-5.2.9.RELEASE.jar:5.2.9.RELEASE]
	at org.springframework.web.method.support.InvocableHandlerMethod.invokeForRequest(InvocableHandlerMethod.java:138) ~[spring-web-5.2.9.RELEASE.jar:5.2.9.RELEASE]
	at org.springframework.web.servlet.mvc.method.annotation.ServletInvocableHandlerMethod.invokeAndHandle(ServletInvocableHandlerMethod.java:105) ~[spring-webmvc-5.2.9.RELEASE.jar:5.2.9.RELEASE]
	at org.springframework.web.servlet.mvc.method.annotation.RequestMappingHandlerAdapter.invokeHandlerMethod(RequestMappingHandlerAdapter.java:878) ~[spring-webmvc-5.2.9.RELEASE.jar:5.2.9.RELEASE]
	at org.springframework.web.servlet.mvc.method.annotation.RequestMappingHandlerAdapter.handleInternal(RequestMappingHandlerAdapter.java:792) ~[spring-webmvc-5.2.9.RELEASE.jar:5.2.9.RELEASE]
	at org.springframework.web.servlet.mvc.method.AbstractHandlerMethodAdapter.handle(AbstractHandlerMethodAdapter.java:87) ~[spring-webmvc-5.2.9.RELEASE.jar:5.2.9.RELEASE]
	at org.springframework.web.servlet.DispatcherServlet.doDispatch(DispatcherServlet.java:1040) ~[spring-webmvc-5.2.9.RELEASE.jar:5.2.9.RELEASE]
	at org.springframework.web.servlet.DispatcherServlet.doService(DispatcherServlet.java:943) ~[spring-webmvc-5.2.9.RELEASE.jar:5.2.9.RELEASE]
	at org.springframework.web.servlet.FrameworkServlet.processRequest(FrameworkServlet.java:1006) ~[spring-webmvc-5.2.9.RELEASE.jar:5.2.9.RELEASE]
	at org.springframework.web.servlet.FrameworkServlet.doGet(FrameworkServlet.java:898) ~[spring-webmvc-5.2.9.RELEASE.jar:5.2.9.RELEASE]
	at javax.servlet.http.HttpServlet.service(HttpServlet.java:626) ~[tomcat-embed-core-9.0.38.jar:4.0.FR]
	at org.springframework.web.servlet.FrameworkServlet.service(FrameworkServlet.java:883) ~[spring-webmvc-5.2.9.RELEASE.jar:5.2.9.RELEASE]
	at javax.servlet.http.HttpServlet.service(HttpServlet.java:733) ~[tomcat-embed-core-9.0.38.jar:4.0.FR]
	at org.apache.catalina.core.ApplicationFilterChain.internalDoFilter(ApplicationFilterChain.java:231) ~[tomcat-embed-core-9.0.38.jar:9.0.38]
	at org.apache.catalina.core.ApplicationFilterChain.doFilter(ApplicationFilterChain.java:166) ~[tomcat-embed-core-9.0.38.jar:9.0.38]
	at org.apache.tomcat.websocket.server.WsFilter.doFilter(WsFilter.java:53) ~[tomcat-embed-websocket-9.0.38.jar:9.0.38]
	at org.apache.catalina.core.ApplicationFilterChain.internalDoFilter(ApplicationFilterChain.java:193) ~[tomcat-embed-core-9.0.38.jar:9.0.38]
	at org.apache.catalina.core.ApplicationFilterChain.doFilter(ApplicationFilterChain.java:166) ~[tomcat-embed-core-9.0.38.jar:9.0.38]
	at org.springframework.web.filter.RequestContextFilter.doFilterInternal(RequestContextFilter.java:100) ~[spring-web-5.2.9.RELEASE.jar:5.2.9.RELEASE]
	at org.springframework.web.filter.OncePerRequestFilter.doFilter(OncePerRequestFilter.java:119) ~[spring-web-5.2.9.RELEASE.jar:5.2.9.RELEASE]
	at org.apache.catalina.core.ApplicationFilterChain.internalDoFilter(ApplicationFilterChain.java:193) ~[tomcat-embed-core-9.0.38.jar:9.0.38]
	at org.apache.catalina.core.ApplicationFilterChain.doFilter(ApplicationFilterChain.java:166) ~[tomcat-embed-core-9.0.38.jar:9.0.38]
	at org.springframework.web.filter.FormContentFilter.doFilterInternal(FormContentFilter.java:93) ~[spring-web-5.2.9.RELEASE.jar:5.2.9.RELEASE]
	at org.springframework.web.filter.OncePerRequestFilter.doFilter(OncePerRequestFilter.java:119) ~[spring-web-5.2.9.RELEASE.jar:5.2.9.RELEASE]
	at org.apache.catalina.core.ApplicationFilterChain.internalDoFilter(ApplicationFilterChain.java:193) ~[tomcat-embed-core-9.0.38.jar:9.0.38]
	at org.apache.catalina.core.ApplicationFilterChain.doFilter(ApplicationFilterChain.java:166) ~[tomcat-embed-core-9.0.38.jar:9.0.38]
	at org.springframework.web.filter.CharacterEncodingFilter.doFilterInternal(CharacterEncodingFilter.java:201) ~[spring-web-5.2.9.RELEASE.jar:5.2.9.RELEASE]
	at org.springframework.web.filter.OncePerRequestFilter.doFilter(OncePerRequestFilter.java:119) ~[spring-web-5.2.9.RELEASE.jar:5.2.9.RELEASE]
	at org.apache.catalina.core.ApplicationFilterChain.internalDoFilter(ApplicationFilterChain.java:193) ~[tomcat-embed-core-9.0.38.jar:9.0.38]
	at org.apache.catalina.core.ApplicationFilterChain.doFilter(ApplicationFilterChain.java:166) ~[tomcat-embed-core-9.0.38.jar:9.0.38]
	at org.apache.catalina.core.StandardWrapperValve.invoke(StandardWrapperValve.java:202) ~[tomcat-embed-core-9.0.38.jar:9.0.38]
	at org.apache.catalina.core.StandardContextValve.invoke(StandardContextValve.java:97) [tomcat-embed-core-9.0.38.jar:9.0.38]
	at org.apache.catalina.authenticator.AuthenticatorBase.invoke(AuthenticatorBase.java:541) [tomcat-embed-core-9.0.38.jar:9.0.38]
	at org.apache.catalina.core.StandardHostValve.invoke(StandardHostValve.java:143) [tomcat-embed-core-9.0.38.jar:9.0.38]
	at org.apache.catalina.valves.ErrorReportValve.invoke(ErrorReportValve.java:92) [tomcat-embed-core-9.0.38.jar:9.0.38]
	at org.apache.catalina.core.StandardEngineValve.invoke(StandardEngineValve.java:78) [tomcat-embed-core-9.0.38.jar:9.0.38]
	at org.apache.catalina.connector.CoyoteAdapter.service(CoyoteAdapter.java:343) [tomcat-embed-core-9.0.38.jar:9.0.38]
	at org.apache.coyote.http11.Http11Processor.service(Http11Processor.java:374) [tomcat-embed-core-9.0.38.jar:9.0.38]
	at org.apache.coyote.AbstractProcessorLight.process(AbstractProcessorLight.java:65) [tomcat-embed-core-9.0.38.jar:9.0.38]
	at org.apache.coyote.AbstractProtocol$ConnectionHandler.process(AbstractProtocol.java:868) [tomcat-embed-core-9.0.38.jar:9.0.38]
	at org.apache.tomcat.util.net.NioEndpoint$SocketProcessor.doRun(NioEndpoint.java:1590) [tomcat-embed-core-9.0.38.jar:9.0.38]
	at org.apache.tomcat.util.net.SocketProcessorBase.run(SocketProcessorBase.java:49) [tomcat-embed-core-9.0.38.jar:9.0.38]
	at java.util.concurrent.ThreadPoolExecutor.runWorker(Unknown Source) [na:1.8.0_92]
	at java.util.concurrent.ThreadPoolExecutor$Worker.run(Unknown Source) [na:1.8.0_92]
	at org.apache.tomcat.util.threads.TaskThread$WrappingRunnable.run(TaskThread.java:61) [tomcat-embed-core-9.0.38.jar:9.0.38]
	at java.lang.Thread.run(Unknown Source) [na:1.8.0_92]

2020-10-08 01:35:17.180  INFO 11120 --- [Thread-99] o.s.s.concurrent.ThreadPoolTaskExecutor  : Shutting down ExecutorService 'applicationTaskExecutor'
2020-10-08 01:35:17.363  INFO 11120 --- [restartedMain] com.aop.AoPdemoApplication               : Starting AoPdemoApplication on DESKTOP-TKUNCFR with PID 11120 (D:\spring proj\AOPdemo\target\classes started by shanmukh in D:\spring proj\AOPdemo)
2020-10-08 01:35:17.364  INFO 11120 --- [restartedMain] com.aop.AoPdemoApplication               : No active profile set, falling back to default profiles: default
2020-10-08 01:35:17.588  INFO 11120 --- [restartedMain] o.s.b.w.embedded.tomcat.TomcatWebServer  : Tomcat initialized with port(s): 9000 (http)
2020-10-08 01:35:17.589  INFO 11120 --- [restartedMain] o.apache.catalina.core.StandardService   : Starting service [Tomcat]
2020-10-08 01:35:17.589  INFO 11120 --- [restartedMain] org.apache.catalina.core.StandardEngine  : Starting Servlet engine: [Apache Tomcat/9.0.38]
2020-10-08 01:35:17.619  INFO 11120 --- [restartedMain] o.a.c.c.C.[Tomcat-1].[localhost].[/]     : Initializing Spring embedded WebApplicationContext
2020-10-08 01:35:17.619  INFO 11120 --- [restartedMain] w.s.c.ServletWebServerApplicationContext : Root WebApplicationContext: initialization completed in 253 ms
2020-10-08 01:35:17.669  INFO 11120 --- [restartedMain] o.s.s.concurrent.ThreadPoolTaskExecutor  : Initializing ExecutorService 'applicationTaskExecutor'
2020-10-08 01:35:17.715  INFO 11120 --- [restartedMain] o.s.b.d.a.OptionalLiveReloadServer       : LiveReload server is running on port 35729
2020-10-08 01:35:17.727  INFO 11120 --- [restartedMain] o.s.b.w.embedded.tomcat.TomcatWebServer  : Tomcat started on port(s): 9000 (http) with context path ''
2020-10-08 01:35:17.737  INFO 11120 --- [restartedMain] com.aop.AoPdemoApplication               : Started AoPdemoApplication in 0.393 seconds (JVM running for 2456.109)
2020-10-08 01:35:17.738  INFO 11120 --- [restartedMain] .ConditionEvaluationDeltaLoggingListener : Condition evaluation unchanged
2020-10-08 01:35:23.175  INFO 11120 --- [http-nio-9000-exec-1] o.a.c.c.C.[Tomcat-1].[localhost].[/]     : Initializing Spring DispatcherServlet 'dispatcherServlet'
2020-10-08 01:35:23.176  INFO 11120 --- [http-nio-9000-exec-1] o.s.web.servlet.DispatcherServlet        : Initializing Servlet 'dispatcherServlet'
2020-10-08 01:35:23.180  INFO 11120 --- [http-nio-9000-exec-1] o.s.web.servlet.DispatcherServlet        : Completed initialization in 4 ms
2020-10-08 01:35:23.182  INFO 11120 --- [http-nio-9000-exec-1] com.aop.config.Democonfig                : get details metod called from aspect 
2020-10-08 01:35:43.672  INFO 11120 --- [Thread-104] o.s.s.concurrent.ThreadPoolTaskExecutor  : Shutting down ExecutorService 'applicationTaskExecutor'
2020-10-08 01:35:43.830  INFO 11120 --- [restartedMain] com.aop.AoPdemoApplication               : Starting AoPdemoApplication on DESKTOP-TKUNCFR with PID 11120 (D:\spring proj\AOPdemo\target\classes started by shanmukh in D:\spring proj\AOPdemo)
2020-10-08 01:35:43.830  INFO 11120 --- [restartedMain] com.aop.AoPdemoApplication               : No active profile set, falling back to default profiles: default
2020-10-08 01:35:44.073  INFO 11120 --- [restartedMain] o.s.b.w.embedded.tomcat.TomcatWebServer  : Tomcat initialized with port(s): 9000 (http)
2020-10-08 01:35:44.075  INFO 11120 --- [restartedMain] o.apache.catalina.core.StandardService   : Starting service [Tomcat]
2020-10-08 01:35:44.075  INFO 11120 --- [restartedMain] org.apache.catalina.core.StandardEngine  : Starting Servlet engine: [Apache Tomcat/9.0.38]
2020-10-08 01:35:44.102  INFO 11120 --- [restartedMain] o.a.c.c.C.[Tomcat-1].[localhost].[/]     : Initializing Spring embedded WebApplicationContext
2020-10-08 01:35:44.102  INFO 11120 --- [restartedMain] w.s.c.ServletWebServerApplicationContext : Root WebApplicationContext: initialization completed in 268 ms
2020-10-08 01:35:44.175  INFO 11120 --- [restartedMain] o.s.s.concurrent.ThreadPoolTaskExecutor  : Initializing ExecutorService 'applicationTaskExecutor'
2020-10-08 01:35:44.223  INFO 11120 --- [restartedMain] o.s.b.d.a.OptionalLiveReloadServer       : LiveReload server is running on port 35729
2020-10-08 01:35:44.236  INFO 11120 --- [restartedMain] o.s.b.w.embedded.tomcat.TomcatWebServer  : Tomcat started on port(s): 9000 (http) with context path ''
2020-10-08 01:35:44.241  INFO 11120 --- [restartedMain] com.aop.AoPdemoApplication               : Started AoPdemoApplication in 0.44 seconds (JVM running for 2482.618)
2020-10-08 01:35:44.242  INFO 11120 --- [restartedMain] .ConditionEvaluationDeltaLoggingListener : Condition evaluation unchanged
2020-10-08 01:35:47.757  INFO 11120 --- [http-nio-9000-exec-1] o.a.c.c.C.[Tomcat-1].[localhost].[/]     : Initializing Spring DispatcherServlet 'dispatcherServlet'
2020-10-08 01:35:47.759  INFO 11120 --- [http-nio-9000-exec-1] o.s.web.servlet.DispatcherServlet        : Initializing Servlet 'dispatcherServlet'
2020-10-08 01:35:47.765  INFO 11120 --- [http-nio-9000-exec-1] o.s.web.servlet.DispatcherServlet        : Completed initialization in 5 ms
2020-10-08 01:35:47.768  INFO 11120 --- [http-nio-9000-exec-1] com.aop.config.Democonfig                : get details metod called from aspect 
2020-10-08 01:35:47.773  INFO 11120 --- [http-nio-9000-exec-1] com.aop.config.Democonfig                : get details metod called after from aspect 
2020-10-08 02:10:13.331  INFO 11120 --- [RMI TCP Connection(4)-127.0.0.1] inMXBeanRegistrar$SpringApplicationAdmin : Application shutdown requested.
2020-10-08 02:10:13.992  INFO 11120 --- [RMI TCP Connection(4)-127.0.0.1] o.s.s.concurrent.ThreadPoolTaskExecutor  : Shutting down ExecutorService 'applicationTaskExecutor'
2020-10-08 02:14:02.772  INFO 10324 --- [restartedMain] com.aop.AoPdemoApplication               : Starting AoPdemoApplication on DESKTOP-TKUNCFR with PID 10324 (D:\spring proj\AOPdemo\target\classes started by shanmukh in D:\spring proj\AOPdemo)
2020-10-08 02:14:02.776  INFO 10324 --- [restartedMain] com.aop.AoPdemoApplication               : No active profile set, falling back to default profiles: default
2020-10-08 02:14:02.870  INFO 10324 --- [restartedMain] .e.DevToolsPropertyDefaultsPostProcessor : Devtools property defaults active! Set 'spring.devtools.add-properties' to 'false' to disable
2020-10-08 02:14:02.871  INFO 10324 --- [restartedMain] .e.DevToolsPropertyDefaultsPostProcessor : For additional web related logging consider setting the 'logging.level.web' property to 'DEBUG'
2020-10-08 02:14:07.137  INFO 10324 --- [restartedMain] o.s.b.w.embedded.tomcat.TomcatWebServer  : Tomcat initialized with port(s): 9000 (http)
2020-10-08 02:14:07.264  INFO 10324 --- [restartedMain] o.apache.catalina.core.StandardService   : Starting service [Tomcat]
2020-10-08 02:14:07.266  INFO 10324 --- [restartedMain] org.apache.catalina.core.StandardEngine  : Starting Servlet engine: [Apache Tomcat/9.0.38]
2020-10-08 02:14:07.720  INFO 10324 --- [restartedMain] o.a.c.c.C.[Tomcat].[localhost].[/]       : Initializing Spring embedded WebApplicationContext
2020-10-08 02:14:07.720  INFO 10324 --- [restartedMain] w.s.c.ServletWebServerApplicationContext : Root WebApplicationContext: initialization completed in 4848 ms
2020-10-08 02:14:08.303  INFO 10324 --- [restartedMain] o.s.s.concurrent.ThreadPoolTaskExecutor  : Initializing ExecutorService 'applicationTaskExecutor'
2020-10-08 02:14:08.984  INFO 10324 --- [restartedMain] o.s.b.d.a.OptionalLiveReloadServer       : LiveReload server is running on port 35729
2020-10-08 02:14:09.242  INFO 10324 --- [restartedMain] o.s.b.w.embedded.tomcat.TomcatWebServer  : Tomcat started on port(s): 9000 (http) with context path ''
2020-10-08 02:14:09.302  INFO 10324 --- [restartedMain] com.aop.AoPdemoApplication               : Started AoPdemoApplication in 7.043 seconds (JVM running for 8.688)
2020-10-08 02:14:13.618  INFO 10324 --- [http-nio-9000-exec-1] o.a.c.c.C.[Tomcat].[localhost].[/]       : Initializing Spring DispatcherServlet 'dispatcherServlet'
2020-10-08 02:14:13.619  INFO 10324 --- [http-nio-9000-exec-1] o.s.web.servlet.DispatcherServlet        : Initializing Servlet 'dispatcherServlet'
2020-10-08 02:14:13.654  INFO 10324 --- [http-nio-9000-exec-1] o.s.web.servlet.DispatcherServlet        : Completed initialization in 34 ms
2020-10-08 02:14:13.785  INFO 10324 --- [http-nio-9000-exec-1] com.aop.config.Democonfig                : get details metod called from aspect 
2020-10-08 02:14:13.870  INFO 10324 --- [http-nio-9000-exec-1] com.aop.config.Democonfig                : get details metod called after from aspect 
2020-10-08 02:14:27.698  INFO 10324 --- [http-nio-9000-exec-4] com.aop.config.Democonfig                : saying hii from firstAdvice.....
2020-10-08 02:17:01.937  INFO 10324 --- [Thread-7] o.s.s.concurrent.ThreadPoolTaskExecutor  : Shutting down ExecutorService 'applicationTaskExecutor'
2020-10-08 02:17:02.252  INFO 10324 --- [restartedMain] com.aop.AoPdemoApplication               : Starting AoPdemoApplication on DESKTOP-TKUNCFR with PID 10324 (D:\spring proj\AOPdemo\target\classes started by shanmukh in D:\spring proj\AOPdemo)
2020-10-08 02:17:02.253  INFO 10324 --- [restartedMain] com.aop.AoPdemoApplication               : No active profile set, falling back to default profiles: default
2020-10-08 02:17:02.710  INFO 10324 --- [restartedMain] o.s.b.w.embedded.tomcat.TomcatWebServer  : Tomcat initialized with port(s): 9000 (http)
2020-10-08 02:17:02.712  INFO 10324 --- [restartedMain] o.apache.catalina.core.StandardService   : Starting service [Tomcat]
2020-10-08 02:17:02.712  INFO 10324 --- [restartedMain] org.apache.catalina.core.StandardEngine  : Starting Servlet engine: [Apache Tomcat/9.0.38]
2020-10-08 02:17:02.731  INFO 10324 --- [restartedMain] o.a.c.c.C.[Tomcat].[localhost].[/]       : Initializing Spring embedded WebApplicationContext
2020-10-08 02:17:02.731  INFO 10324 --- [restartedMain] w.s.c.ServletWebServerApplicationContext : Root WebApplicationContext: initialization completed in 471 ms
2020-10-08 02:17:02.822  INFO 10324 --- [restartedMain] o.s.s.concurrent.ThreadPoolTaskExecutor  : Initializing ExecutorService 'applicationTaskExecutor'
2020-10-08 02:17:02.891  INFO 10324 --- [restartedMain] o.s.b.d.a.OptionalLiveReloadServer       : LiveReload server is running on port 35729
2020-10-08 02:17:02.905  INFO 10324 --- [restartedMain] o.s.b.w.embedded.tomcat.TomcatWebServer  : Tomcat started on port(s): 9000 (http) with context path ''
2020-10-08 02:17:02.911  INFO 10324 --- [restartedMain] com.aop.AoPdemoApplication               : Started AoPdemoApplication in 0.711 seconds (JVM running for 182.296)
2020-10-08 02:17:02.914  INFO 10324 --- [restartedMain] .ConditionEvaluationDeltaLoggingListener : Condition evaluation unchanged
2020-10-08 02:17:11.308  INFO 10324 --- [http-nio-9000-exec-1] o.a.c.c.C.[Tomcat].[localhost].[/]       : Initializing Spring DispatcherServlet 'dispatcherServlet'
2020-10-08 02:17:11.309  INFO 10324 --- [http-nio-9000-exec-1] o.s.web.servlet.DispatcherServlet        : Initializing Servlet 'dispatcherServlet'
2020-10-08 02:17:11.316  INFO 10324 --- [http-nio-9000-exec-1] o.s.web.servlet.DispatcherServlet        : Completed initialization in 7 ms
2020-10-08 02:17:11.319  INFO 10324 --- [http-nio-9000-exec-1] com.aop.config.Democonfig                : saying hii from firstAdvice.....
2020-10-08 02:17:11.320  INFO 10324 --- [http-nio-9000-exec-1] com.aop.config.Democonfig                : get details metod called from aspect 
2020-10-08 02:17:16.529  INFO 10324 --- [http-nio-9000-exec-4] com.aop.config.Democonfig                : saying hii from firstAdvice.....
2020-10-08 02:17:16.530  INFO 10324 --- [http-nio-9000-exec-4] com.aop.config.Democonfig                : get details metod called from aspect 
2020-10-08 02:17:16.531  INFO 10324 --- [http-nio-9000-exec-4] com.aop.config.Democonfig                : get details metod called after from aspect 
2020-10-08 02:32:42.728  INFO 10324 --- [http-nio-9000-exec-7] com.aop.config.Democonfig                : saying hii from firstAdvice.....
2020-10-08 02:32:42.731  INFO 10324 --- [http-nio-9000-exec-7] com.aop.config.Democonfig                : get details metod called from aspect 
2020-10-08 02:32:42.732  INFO 10324 --- [http-nio-9000-exec-7] com.aop.config.Democonfig                : get details metod called after from aspect 
2020-10-08 02:32:50.723  INFO 10324 --- [http-nio-9000-exec-10] com.aop.config.Democonfig                : saying hii from firstAdvice.....
2020-10-08 02:32:50.724  INFO 10324 --- [http-nio-9000-exec-10] com.aop.config.Democonfig                : get details metod called from aspect 
2020-10-08 02:33:02.814  INFO 10324 --- [RMI TCP Connection(4)-127.0.0.1] inMXBeanRegistrar$SpringApplicationAdmin : Application shutdown requested.
2020-10-08 02:33:03.311  INFO 10324 --- [RMI TCP Connection(4)-127.0.0.1] o.s.s.concurrent.ThreadPoolTaskExecutor  : Shutting down ExecutorService 'applicationTaskExecutor'
2020-10-08 12:59:02.620  INFO 328 --- [restartedMain] com.aop.AoPdemoApplication               : Starting AoPdemoApplication on DESKTOP-TKUNCFR with PID 328 (D:\spring proj\AOPdemo\target\classes started by shanmukh in D:\spring proj\AOPdemo)
2020-10-08 12:59:02.948  INFO 328 --- [restartedMain] com.aop.AoPdemoApplication               : No active profile set, falling back to default profiles: default
2020-10-08 12:59:03.037  INFO 328 --- [restartedMain] .e.DevToolsPropertyDefaultsPostProcessor : Devtools property defaults active! Set 'spring.devtools.add-properties' to 'false' to disable
2020-10-08 12:59:03.038  INFO 328 --- [restartedMain] .e.DevToolsPropertyDefaultsPostProcessor : For additional web related logging consider setting the 'logging.level.web' property to 'DEBUG'
2020-10-08 12:59:06.574  INFO 328 --- [restartedMain] o.s.b.w.embedded.tomcat.TomcatWebServer  : Tomcat initialized with port(s): 9000 (http)
2020-10-08 12:59:06.593  INFO 328 --- [restartedMain] o.apache.catalina.core.StandardService   : Starting service [Tomcat]
2020-10-08 12:59:06.594  INFO 328 --- [restartedMain] org.apache.catalina.core.StandardEngine  : Starting Servlet engine: [Apache Tomcat/9.0.38]
2020-10-08 12:59:06.835  INFO 328 --- [restartedMain] o.a.c.c.C.[Tomcat].[localhost].[/]       : Initializing Spring embedded WebApplicationContext
2020-10-08 12:59:06.836  INFO 328 --- [restartedMain] w.s.c.ServletWebServerApplicationContext : Root WebApplicationContext: initialization completed in 3798 ms
2020-10-08 12:59:07.159  INFO 328 --- [restartedMain] o.s.s.concurrent.ThreadPoolTaskExecutor  : Initializing ExecutorService 'applicationTaskExecutor'
2020-10-08 12:59:07.399  INFO 328 --- [restartedMain] o.s.b.d.a.OptionalLiveReloadServer       : LiveReload server is running on port 35729
2020-10-08 12:59:07.444  INFO 328 --- [restartedMain] o.s.b.w.embedded.tomcat.TomcatWebServer  : Tomcat started on port(s): 9000 (http) with context path ''
2020-10-08 12:59:07.460  INFO 328 --- [restartedMain] com.aop.AoPdemoApplication               : Started AoPdemoApplication in 5.332 seconds (JVM running for 6.89)
2020-10-08 12:59:25.501  INFO 328 --- [http-nio-9000-exec-1] o.a.c.c.C.[Tomcat].[localhost].[/]       : Initializing Spring DispatcherServlet 'dispatcherServlet'
2020-10-08 12:59:25.502  INFO 328 --- [http-nio-9000-exec-1] o.s.web.servlet.DispatcherServlet        : Initializing Servlet 'dispatcherServlet'
2020-10-08 12:59:25.524  INFO 328 --- [http-nio-9000-exec-1] o.s.web.servlet.DispatcherServlet        : Completed initialization in 22 ms
2020-10-08 12:59:25.602  INFO 328 --- [http-nio-9000-exec-1] com.aop.config.Democonfig                : saying hii from firstAdvice.....
2020-10-08 12:59:25.602  INFO 328 --- [http-nio-9000-exec-1] com.aop.config.Democonfig                : get details metod called from aspect 
2020-10-08 12:59:25.638  INFO 328 --- [http-nio-9000-exec-1] com.aop.config.Democonfig                : get details metod called after from aspect 
2020-10-08 13:02:18.233  INFO 328 --- [Thread-6] o.s.s.concurrent.ThreadPoolTaskExecutor  : Shutting down ExecutorService 'applicationTaskExecutor'
2020-10-08 13:02:18.433  INFO 328 --- [restartedMain] com.aop.AoPdemoApplication               : Starting AoPdemoApplication on DESKTOP-TKUNCFR with PID 328 (D:\spring proj\AOPdemo\target\classes started by shanmukh in D:\spring proj\AOPdemo)
2020-10-08 13:02:18.433  INFO 328 --- [restartedMain] com.aop.AoPdemoApplication               : No active profile set, falling back to default profiles: default
2020-10-08 13:02:18.785  INFO 328 --- [restartedMain] o.s.b.w.embedded.tomcat.TomcatWebServer  : Tomcat initialized with port(s): 9000 (http)
2020-10-08 13:02:18.786  INFO 328 --- [restartedMain] o.apache.catalina.core.StandardService   : Starting service [Tomcat]
2020-10-08 13:02:18.787  INFO 328 --- [restartedMain] org.apache.catalina.core.StandardEngine  : Starting Servlet engine: [Apache Tomcat/9.0.38]
2020-10-08 13:02:18.802  INFO 328 --- [restartedMain] o.a.c.c.C.[Tomcat].[localhost].[/]       : Initializing Spring embedded WebApplicationContext
2020-10-08 13:02:18.803  INFO 328 --- [restartedMain] w.s.c.ServletWebServerApplicationContext : Root WebApplicationContext: initialization completed in 366 ms
2020-10-08 13:02:18.912  INFO 328 --- [restartedMain] o.s.s.concurrent.ThreadPoolTaskExecutor  : Initializing ExecutorService 'applicationTaskExecutor'
2020-10-08 13:02:18.977  INFO 328 --- [restartedMain] o.s.b.d.a.OptionalLiveReloadServer       : LiveReload server is running on port 35729
2020-10-08 13:02:18.993  INFO 328 --- [restartedMain] o.s.b.w.embedded.tomcat.TomcatWebServer  : Tomcat started on port(s): 9000 (http) with context path ''
2020-10-08 13:02:19.000  INFO 328 --- [restartedMain] com.aop.AoPdemoApplication               : Started AoPdemoApplication in 0.609 seconds (JVM running for 198.429)
2020-10-08 13:02:19.002  INFO 328 --- [restartedMain] .ConditionEvaluationDeltaLoggingListener : Condition evaluation unchanged
2020-10-08 13:02:26.196  INFO 328 --- [http-nio-9000-exec-1] o.a.c.c.C.[Tomcat].[localhost].[/]       : Initializing Spring DispatcherServlet 'dispatcherServlet'
2020-10-08 13:02:26.198  INFO 328 --- [http-nio-9000-exec-1] o.s.web.servlet.DispatcherServlet        : Initializing Servlet 'dispatcherServlet'
2020-10-08 13:02:26.203  INFO 328 --- [http-nio-9000-exec-1] o.s.web.servlet.DispatcherServlet        : Completed initialization in 5 ms
2020-10-08 13:24:40.933  INFO 328 --- [Thread-15] o.s.s.concurrent.ThreadPoolTaskExecutor  : Shutting down ExecutorService 'applicationTaskExecutor'
2020-10-08 13:24:41.168  INFO 328 --- [restartedMain] com.aop.AoPdemoApplication               : Starting AoPdemoApplication on DESKTOP-TKUNCFR with PID 328 (D:\spring proj\AOPdemo\target\classes started by shanmukh in D:\spring proj\AOPdemo)
2020-10-08 13:24:41.168  INFO 328 --- [restartedMain] com.aop.AoPdemoApplication               : No active profile set, falling back to default profiles: default
2020-10-08 13:24:41.781  INFO 328 --- [restartedMain] o.s.b.w.embedded.tomcat.TomcatWebServer  : Tomcat initialized with port(s): 9000 (http)
2020-10-08 13:24:41.783  INFO 328 --- [restartedMain] o.apache.catalina.core.StandardService   : Starting service [Tomcat]
2020-10-08 13:24:41.784  INFO 328 --- [restartedMain] org.apache.catalina.core.StandardEngine  : Starting Servlet engine: [Apache Tomcat/9.0.38]
2020-10-08 13:24:41.815  INFO 328 --- [restartedMain] o.a.c.c.C.[Tomcat].[localhost].[/]       : Initializing Spring embedded WebApplicationContext
2020-10-08 13:24:41.815  INFO 328 --- [restartedMain] w.s.c.ServletWebServerApplicationContext : Root WebApplicationContext: initialization completed in 640 ms
2020-10-08 13:24:41.925  INFO 328 --- [restartedMain] o.s.s.concurrent.ThreadPoolTaskExecutor  : Initializing ExecutorService 'applicationTaskExecutor'
2020-10-08 13:24:42.010  INFO 328 --- [restartedMain] o.s.b.d.a.OptionalLiveReloadServer       : LiveReload server is running on port 35729
2020-10-08 13:24:42.024  INFO 328 --- [restartedMain] o.s.b.w.embedded.tomcat.TomcatWebServer  : Tomcat started on port(s): 9000 (http) with context path ''
2020-10-08 13:24:42.028  INFO 328 --- [restartedMain] com.aop.AoPdemoApplication               : Started AoPdemoApplication in 0.929 seconds (JVM running for 1541.459)
2020-10-08 13:24:42.030  INFO 328 --- [restartedMain] .ConditionEvaluationDeltaLoggingListener : Condition evaluation unchanged
2020-10-08 13:25:06.850  INFO 328 --- [http-nio-9000-exec-1] o.a.c.c.C.[Tomcat].[localhost].[/]       : Initializing Spring DispatcherServlet 'dispatcherServlet'
2020-10-08 13:25:06.855  INFO 328 --- [http-nio-9000-exec-1] o.s.web.servlet.DispatcherServlet        : Initializing Servlet 'dispatcherServlet'
2020-10-08 13:25:06.864  INFO 328 --- [http-nio-9000-exec-1] o.s.web.servlet.DispatcherServlet        : Completed initialization in 9 ms
2020-10-08 13:25:06.873  INFO 328 --- [http-nio-9000-exec-1] com.aop.config.Democonfig                : get details metod called from aspect 
2020-10-08 13:25:55.630  INFO 328 --- [http-nio-9000-exec-4] com.aop.config.Democonfig                : get details metod called from aspect 
2020-10-08 13:26:12.742  INFO 328 --- [http-nio-9000-exec-10] com.aop.config.Democonfig                : saying hii from firstAdvice.....
2020-10-08 13:26:12.743  INFO 328 --- [http-nio-9000-exec-10] com.aop.config.Democonfig                : get details metod called from aspect 
2020-10-08 14:11:35.226  INFO 328 --- [RMI TCP Connection(92)-127.0.0.1] inMXBeanRegistrar$SpringApplicationAdmin : Application shutdown requested.
2020-10-08 14:11:35.822  INFO 328 --- [RMI TCP Connection(92)-127.0.0.1] o.s.s.concurrent.ThreadPoolTaskExecutor  : Shutting down ExecutorService 'applicationTaskExecutor'
